                                      1 ;--------------------------------------------------------
                                      2 ; File Created by SDCC : free open source ISO C Compiler 
                                      3 ; Version 4.4.0 #14620 (Mac OS X x86_64)
                                      4 ;--------------------------------------------------------
                                      5 	.module main
                                      6 	.optsdcc -mmcs51 --model-small
                                      7 	
                                      8 ;--------------------------------------------------------
                                      9 ; Public variables in this module
                                     10 ;--------------------------------------------------------
                                     11 	.globl _main
                                     12 	.globl _timer0_isr
                                     13 	.globl _wifi_send_command
                                     14 	.globl _convert
                                     15 	.globl _convert_to_percentage
                                     16 	.globl _uart_begin
                                     17 	.globl _analog_read
                                     18 	.globl _delay
                                     19 	.globl _memset
                                     20 	.globl _strcat
                                     21 	.globl _DeviceSerialNumber
                                     22 	.globl _CY
                                     23 	.globl _AC
                                     24 	.globl _F0
                                     25 	.globl _RS1
                                     26 	.globl _RS0
                                     27 	.globl _OV
                                     28 	.globl _F1
                                     29 	.globl _P
                                     30 	.globl _PS
                                     31 	.globl _PT1
                                     32 	.globl _PX1
                                     33 	.globl _PT0
                                     34 	.globl _PX0
                                     35 	.globl _RD
                                     36 	.globl _WR
                                     37 	.globl _T1
                                     38 	.globl _T0
                                     39 	.globl _INT1
                                     40 	.globl _INT0
                                     41 	.globl _TXD
                                     42 	.globl _RXD
                                     43 	.globl _P3_7
                                     44 	.globl _P3_6
                                     45 	.globl _P3_5
                                     46 	.globl _P3_4
                                     47 	.globl _P3_3
                                     48 	.globl _P3_2
                                     49 	.globl _P3_1
                                     50 	.globl _P3_0
                                     51 	.globl _EA
                                     52 	.globl _ES
                                     53 	.globl _ET1
                                     54 	.globl _EX1
                                     55 	.globl _ET0
                                     56 	.globl _EX0
                                     57 	.globl _P2_7
                                     58 	.globl _P2_6
                                     59 	.globl _P2_5
                                     60 	.globl _P2_4
                                     61 	.globl _P2_3
                                     62 	.globl _P2_2
                                     63 	.globl _P2_1
                                     64 	.globl _P2_0
                                     65 	.globl _SM0
                                     66 	.globl _SM1
                                     67 	.globl _SM2
                                     68 	.globl _REN
                                     69 	.globl _TB8
                                     70 	.globl _RB8
                                     71 	.globl _TI
                                     72 	.globl _RI
                                     73 	.globl _P1_7
                                     74 	.globl _P1_6
                                     75 	.globl _P1_5
                                     76 	.globl _P1_4
                                     77 	.globl _P1_3
                                     78 	.globl _P1_2
                                     79 	.globl _P1_1
                                     80 	.globl _P1_0
                                     81 	.globl _TF1
                                     82 	.globl _TR1
                                     83 	.globl _TF0
                                     84 	.globl _TR0
                                     85 	.globl _IE1
                                     86 	.globl _IT1
                                     87 	.globl _IE0
                                     88 	.globl _IT0
                                     89 	.globl _P0_7
                                     90 	.globl _P0_6
                                     91 	.globl _P0_5
                                     92 	.globl _P0_4
                                     93 	.globl _P0_3
                                     94 	.globl _P0_2
                                     95 	.globl _P0_1
                                     96 	.globl _P0_0
                                     97 	.globl _UIF_BUS_RST
                                     98 	.globl _UIF_TRANSFER
                                     99 	.globl _UIF_SUSPEND
                                    100 	.globl _UIF_FIFO_OV
                                    101 	.globl _U_SIE_FREE
                                    102 	.globl _U_TOG_OK
                                    103 	.globl _U_IS_NAK
                                    104 	.globl _ADC_CHAN0
                                    105 	.globl _ADC_CHAN1
                                    106 	.globl _CMP_CHAN
                                    107 	.globl _ADC_START
                                    108 	.globl _ADC_IF
                                    109 	.globl _CMP_IF
                                    110 	.globl _CMPO
                                    111 	.globl _U1RI
                                    112 	.globl _U1TI
                                    113 	.globl _U1RB8
                                    114 	.globl _U1TB8
                                    115 	.globl _U1REN
                                    116 	.globl _U1SMOD
                                    117 	.globl _U1SM0
                                    118 	.globl _S0_R_FIFO
                                    119 	.globl _S0_T_FIFO
                                    120 	.globl _S0_FREE
                                    121 	.globl _S0_IF_BYTE
                                    122 	.globl _S0_IF_FIRST
                                    123 	.globl _S0_IF_OV
                                    124 	.globl _S0_FST_ACT
                                    125 	.globl _CP_RL2
                                    126 	.globl _C_T2
                                    127 	.globl _TR2
                                    128 	.globl _EXEN2
                                    129 	.globl _TCLK
                                    130 	.globl _RCLK
                                    131 	.globl _EXF2
                                    132 	.globl _CAP1F
                                    133 	.globl _TF2
                                    134 	.globl _PWM1_
                                    135 	.globl _PWM2_
                                    136 	.globl _AIN3
                                    137 	.globl _VBUS1
                                    138 	.globl _TXD1_
                                    139 	.globl _RXD1_
                                    140 	.globl _PWM2
                                    141 	.globl _UDP
                                    142 	.globl _UDM
                                    143 	.globl _TIN0
                                    144 	.globl _CAP1
                                    145 	.globl _T2
                                    146 	.globl _AIN0
                                    147 	.globl _VBUS2
                                    148 	.globl _TIN1
                                    149 	.globl _CAP2
                                    150 	.globl _T2EX
                                    151 	.globl _RXD_
                                    152 	.globl _TXD_
                                    153 	.globl _AIN1
                                    154 	.globl _UCC1
                                    155 	.globl _TIN2
                                    156 	.globl _SCS
                                    157 	.globl _CAP1_
                                    158 	.globl _T2_
                                    159 	.globl _AIN2
                                    160 	.globl _UCC2
                                    161 	.globl _TIN3
                                    162 	.globl _PWM1
                                    163 	.globl _MOSI
                                    164 	.globl _TIN4
                                    165 	.globl _RXD1
                                    166 	.globl _MISO
                                    167 	.globl _TIN5
                                    168 	.globl _TXD1
                                    169 	.globl _SCK
                                    170 	.globl _IE_SPI0
                                    171 	.globl _IE_TKEY
                                    172 	.globl _IE_USB
                                    173 	.globl _IE_ADC
                                    174 	.globl _IE_UART1
                                    175 	.globl _IE_PWMX
                                    176 	.globl _IE_GPIO
                                    177 	.globl _IE_WDOG
                                    178 	.globl _PT2
                                    179 	.globl _PL_FLAG
                                    180 	.globl _PH_FLAG
                                    181 	.globl _ET2
                                    182 	.globl _E_DIS
                                    183 	.globl _B
                                    184 	.globl _ACC
                                    185 	.globl _PSW
                                    186 	.globl _IP
                                    187 	.globl _P3
                                    188 	.globl _IE
                                    189 	.globl _P2
                                    190 	.globl _SBUF
                                    191 	.globl _SCON
                                    192 	.globl _P1
                                    193 	.globl _TH1
                                    194 	.globl _TH0
                                    195 	.globl _TL1
                                    196 	.globl _TL0
                                    197 	.globl _TMOD
                                    198 	.globl _TCON
                                    199 	.globl _PCON
                                    200 	.globl _DPH
                                    201 	.globl _DPL
                                    202 	.globl _SP
                                    203 	.globl _P0
                                    204 	.globl _UEP1_DMA_H
                                    205 	.globl _UEP1_DMA_L
                                    206 	.globl _UEP1_DMA
                                    207 	.globl _UEP0_DMA_H
                                    208 	.globl _UEP0_DMA_L
                                    209 	.globl _UEP0_DMA
                                    210 	.globl _UEP2_3_MOD
                                    211 	.globl _UEP4_1_MOD
                                    212 	.globl _UEP3_DMA_H
                                    213 	.globl _UEP3_DMA_L
                                    214 	.globl _UEP3_DMA
                                    215 	.globl _UEP2_DMA_H
                                    216 	.globl _UEP2_DMA_L
                                    217 	.globl _UEP2_DMA
                                    218 	.globl _USB_DEV_AD
                                    219 	.globl _USB_CTRL
                                    220 	.globl _USB_INT_EN
                                    221 	.globl _UEP4_T_LEN
                                    222 	.globl _UEP4_CTRL
                                    223 	.globl _UEP0_T_LEN
                                    224 	.globl _UEP0_CTRL
                                    225 	.globl _USB_RX_LEN
                                    226 	.globl _USB_MIS_ST
                                    227 	.globl _USB_INT_ST
                                    228 	.globl _USB_INT_FG
                                    229 	.globl _UEP3_T_LEN
                                    230 	.globl _UEP3_CTRL
                                    231 	.globl _UEP2_T_LEN
                                    232 	.globl _UEP2_CTRL
                                    233 	.globl _UEP1_T_LEN
                                    234 	.globl _UEP1_CTRL
                                    235 	.globl _UDEV_CTRL
                                    236 	.globl _USB_C_CTRL
                                    237 	.globl _TKEY_DATH
                                    238 	.globl _TKEY_DATL
                                    239 	.globl _TKEY_DAT
                                    240 	.globl _TKEY_CTRL
                                    241 	.globl _ADC_DATA
                                    242 	.globl _ADC_CFG
                                    243 	.globl _ADC_CTRL
                                    244 	.globl _SBAUD1
                                    245 	.globl _SBUF1
                                    246 	.globl _SCON1
                                    247 	.globl _SPI0_SETUP
                                    248 	.globl _SPI0_CK_SE
                                    249 	.globl _SPI0_CTRL
                                    250 	.globl _SPI0_DATA
                                    251 	.globl _SPI0_STAT
                                    252 	.globl _PWM_CK_SE
                                    253 	.globl _PWM_CTRL
                                    254 	.globl _PWM_DATA1
                                    255 	.globl _PWM_DATA2
                                    256 	.globl _T2CAP1H
                                    257 	.globl _T2CAP1L
                                    258 	.globl _T2CAP1
                                    259 	.globl _TH2
                                    260 	.globl _TL2
                                    261 	.globl _T2COUNT
                                    262 	.globl _RCAP2H
                                    263 	.globl _RCAP2L
                                    264 	.globl _RCAP2
                                    265 	.globl _T2MOD
                                    266 	.globl _T2CON
                                    267 	.globl _XBUS_AUX
                                    268 	.globl _PIN_FUNC
                                    269 	.globl _P3_DIR_PU
                                    270 	.globl _P3_MOD_OC
                                    271 	.globl _P1_DIR_PU
                                    272 	.globl _P1_MOD_OC
                                    273 	.globl _ROM_CTRL
                                    274 	.globl _ROM_DATA_H
                                    275 	.globl _ROM_DATA_L
                                    276 	.globl _ROM_DATA
                                    277 	.globl _ROM_ADDR_H
                                    278 	.globl _ROM_ADDR_L
                                    279 	.globl _ROM_ADDR
                                    280 	.globl _GPIO_IE
                                    281 	.globl _IP_EX
                                    282 	.globl _IE_EX
                                    283 	.globl _WDOG_COUNT
                                    284 	.globl _RESET_KEEP
                                    285 	.globl _WAKE_CTRL
                                    286 	.globl _CLOCK_CFG
                                    287 	.globl _GLOBAL_CFG
                                    288 	.globl _SAFE_MOD
                                    289 	.globl _pwd
                                    290 	.globl _ssid
                                    291 	.globl _instruction
                                    292 ;--------------------------------------------------------
                                    293 ; special function registers
                                    294 ;--------------------------------------------------------
                                    295 	.area RSEG    (ABS,DATA)
      000000                        296 	.org 0x0000
                           0000A1   297 _SAFE_MOD	=	0x00a1
                           0000B1   298 _GLOBAL_CFG	=	0x00b1
                           0000B9   299 _CLOCK_CFG	=	0x00b9
                           0000A9   300 _WAKE_CTRL	=	0x00a9
                           0000FE   301 _RESET_KEEP	=	0x00fe
                           0000FF   302 _WDOG_COUNT	=	0x00ff
                           0000E8   303 _IE_EX	=	0x00e8
                           0000E9   304 _IP_EX	=	0x00e9
                           0000C7   305 _GPIO_IE	=	0x00c7
                           008584   306 _ROM_ADDR	=	0x8584
                           000084   307 _ROM_ADDR_L	=	0x0084
                           000085   308 _ROM_ADDR_H	=	0x0085
                           008F8E   309 _ROM_DATA	=	0x8f8e
                           00008E   310 _ROM_DATA_L	=	0x008e
                           00008F   311 _ROM_DATA_H	=	0x008f
                           000086   312 _ROM_CTRL	=	0x0086
                           000092   313 _P1_MOD_OC	=	0x0092
                           000093   314 _P1_DIR_PU	=	0x0093
                           000096   315 _P3_MOD_OC	=	0x0096
                           000097   316 _P3_DIR_PU	=	0x0097
                           0000C6   317 _PIN_FUNC	=	0x00c6
                           0000A2   318 _XBUS_AUX	=	0x00a2
                           0000C8   319 _T2CON	=	0x00c8
                           0000C9   320 _T2MOD	=	0x00c9
                           00CBCA   321 _RCAP2	=	0xcbca
                           0000CA   322 _RCAP2L	=	0x00ca
                           0000CB   323 _RCAP2H	=	0x00cb
                           00CDCC   324 _T2COUNT	=	0xcdcc
                           0000CC   325 _TL2	=	0x00cc
                           0000CD   326 _TH2	=	0x00cd
                           00CFCE   327 _T2CAP1	=	0xcfce
                           0000CE   328 _T2CAP1L	=	0x00ce
                           0000CF   329 _T2CAP1H	=	0x00cf
                           00009B   330 _PWM_DATA2	=	0x009b
                           00009C   331 _PWM_DATA1	=	0x009c
                           00009D   332 _PWM_CTRL	=	0x009d
                           00009E   333 _PWM_CK_SE	=	0x009e
                           0000F8   334 _SPI0_STAT	=	0x00f8
                           0000F9   335 _SPI0_DATA	=	0x00f9
                           0000FA   336 _SPI0_CTRL	=	0x00fa
                           0000FB   337 _SPI0_CK_SE	=	0x00fb
                           0000FC   338 _SPI0_SETUP	=	0x00fc
                           0000C0   339 _SCON1	=	0x00c0
                           0000C1   340 _SBUF1	=	0x00c1
                           0000C2   341 _SBAUD1	=	0x00c2
                           000080   342 _ADC_CTRL	=	0x0080
                           00009A   343 _ADC_CFG	=	0x009a
                           00009F   344 _ADC_DATA	=	0x009f
                           0000C3   345 _TKEY_CTRL	=	0x00c3
                           00C5C4   346 _TKEY_DAT	=	0xc5c4
                           0000C4   347 _TKEY_DATL	=	0x00c4
                           0000C5   348 _TKEY_DATH	=	0x00c5
                           000091   349 _USB_C_CTRL	=	0x0091
                           0000D1   350 _UDEV_CTRL	=	0x00d1
                           0000D2   351 _UEP1_CTRL	=	0x00d2
                           0000D3   352 _UEP1_T_LEN	=	0x00d3
                           0000D4   353 _UEP2_CTRL	=	0x00d4
                           0000D5   354 _UEP2_T_LEN	=	0x00d5
                           0000D6   355 _UEP3_CTRL	=	0x00d6
                           0000D7   356 _UEP3_T_LEN	=	0x00d7
                           0000D8   357 _USB_INT_FG	=	0x00d8
                           0000D9   358 _USB_INT_ST	=	0x00d9
                           0000DA   359 _USB_MIS_ST	=	0x00da
                           0000DB   360 _USB_RX_LEN	=	0x00db
                           0000DC   361 _UEP0_CTRL	=	0x00dc
                           0000DD   362 _UEP0_T_LEN	=	0x00dd
                           0000DE   363 _UEP4_CTRL	=	0x00de
                           0000DF   364 _UEP4_T_LEN	=	0x00df
                           0000E1   365 _USB_INT_EN	=	0x00e1
                           0000E2   366 _USB_CTRL	=	0x00e2
                           0000E3   367 _USB_DEV_AD	=	0x00e3
                           00E5E4   368 _UEP2_DMA	=	0xe5e4
                           0000E4   369 _UEP2_DMA_L	=	0x00e4
                           0000E5   370 _UEP2_DMA_H	=	0x00e5
                           00E7E6   371 _UEP3_DMA	=	0xe7e6
                           0000E6   372 _UEP3_DMA_L	=	0x00e6
                           0000E7   373 _UEP3_DMA_H	=	0x00e7
                           0000EA   374 _UEP4_1_MOD	=	0x00ea
                           0000EB   375 _UEP2_3_MOD	=	0x00eb
                           00EDEC   376 _UEP0_DMA	=	0xedec
                           0000EC   377 _UEP0_DMA_L	=	0x00ec
                           0000ED   378 _UEP0_DMA_H	=	0x00ed
                           00EFEE   379 _UEP1_DMA	=	0xefee
                           0000EE   380 _UEP1_DMA_L	=	0x00ee
                           0000EF   381 _UEP1_DMA_H	=	0x00ef
                           000080   382 _P0	=	0x0080
                           000081   383 _SP	=	0x0081
                           000082   384 _DPL	=	0x0082
                           000083   385 _DPH	=	0x0083
                           000087   386 _PCON	=	0x0087
                           000088   387 _TCON	=	0x0088
                           000089   388 _TMOD	=	0x0089
                           00008A   389 _TL0	=	0x008a
                           00008B   390 _TL1	=	0x008b
                           00008C   391 _TH0	=	0x008c
                           00008D   392 _TH1	=	0x008d
                           000090   393 _P1	=	0x0090
                           000098   394 _SCON	=	0x0098
                           000099   395 _SBUF	=	0x0099
                           0000A0   396 _P2	=	0x00a0
                           0000A8   397 _IE	=	0x00a8
                           0000B0   398 _P3	=	0x00b0
                           0000B8   399 _IP	=	0x00b8
                           0000D0   400 _PSW	=	0x00d0
                           0000E0   401 _ACC	=	0x00e0
                           0000F0   402 _B	=	0x00f0
                                    403 ;--------------------------------------------------------
                                    404 ; special function bits
                                    405 ;--------------------------------------------------------
                                    406 	.area RSEG    (ABS,DATA)
      000000                        407 	.org 0x0000
                           0000AE   408 _E_DIS	=	0x00ae
                           0000AD   409 _ET2	=	0x00ad
                           0000BF   410 _PH_FLAG	=	0x00bf
                           0000BE   411 _PL_FLAG	=	0x00be
                           0000BD   412 _PT2	=	0x00bd
                           0000EF   413 _IE_WDOG	=	0x00ef
                           0000EE   414 _IE_GPIO	=	0x00ee
                           0000ED   415 _IE_PWMX	=	0x00ed
                           0000EC   416 _IE_UART1	=	0x00ec
                           0000EB   417 _IE_ADC	=	0x00eb
                           0000EA   418 _IE_USB	=	0x00ea
                           0000E9   419 _IE_TKEY	=	0x00e9
                           0000E8   420 _IE_SPI0	=	0x00e8
                           000097   421 _SCK	=	0x0097
                           000097   422 _TXD1	=	0x0097
                           000097   423 _TIN5	=	0x0097
                           000096   424 _MISO	=	0x0096
                           000096   425 _RXD1	=	0x0096
                           000096   426 _TIN4	=	0x0096
                           000095   427 _MOSI	=	0x0095
                           000095   428 _PWM1	=	0x0095
                           000095   429 _TIN3	=	0x0095
                           000095   430 _UCC2	=	0x0095
                           000095   431 _AIN2	=	0x0095
                           000094   432 _T2_	=	0x0094
                           000094   433 _CAP1_	=	0x0094
                           000094   434 _SCS	=	0x0094
                           000094   435 _TIN2	=	0x0094
                           000094   436 _UCC1	=	0x0094
                           000094   437 _AIN1	=	0x0094
                           000093   438 _TXD_	=	0x0093
                           000092   439 _RXD_	=	0x0092
                           000091   440 _T2EX	=	0x0091
                           000091   441 _CAP2	=	0x0091
                           000091   442 _TIN1	=	0x0091
                           000091   443 _VBUS2	=	0x0091
                           000091   444 _AIN0	=	0x0091
                           000090   445 _T2	=	0x0090
                           000090   446 _CAP1	=	0x0090
                           000090   447 _TIN0	=	0x0090
                           0000B7   448 _UDM	=	0x00b7
                           0000B6   449 _UDP	=	0x00b6
                           0000B4   450 _PWM2	=	0x00b4
                           0000B4   451 _RXD1_	=	0x00b4
                           0000B2   452 _TXD1_	=	0x00b2
                           0000B2   453 _VBUS1	=	0x00b2
                           0000B2   454 _AIN3	=	0x00b2
                           0000B1   455 _PWM2_	=	0x00b1
                           0000B0   456 _PWM1_	=	0x00b0
                           0000CF   457 _TF2	=	0x00cf
                           0000CF   458 _CAP1F	=	0x00cf
                           0000CE   459 _EXF2	=	0x00ce
                           0000CD   460 _RCLK	=	0x00cd
                           0000CC   461 _TCLK	=	0x00cc
                           0000CB   462 _EXEN2	=	0x00cb
                           0000CA   463 _TR2	=	0x00ca
                           0000C9   464 _C_T2	=	0x00c9
                           0000C8   465 _CP_RL2	=	0x00c8
                           0000FF   466 _S0_FST_ACT	=	0x00ff
                           0000FE   467 _S0_IF_OV	=	0x00fe
                           0000FD   468 _S0_IF_FIRST	=	0x00fd
                           0000FC   469 _S0_IF_BYTE	=	0x00fc
                           0000FB   470 _S0_FREE	=	0x00fb
                           0000FA   471 _S0_T_FIFO	=	0x00fa
                           0000F8   472 _S0_R_FIFO	=	0x00f8
                           0000C7   473 _U1SM0	=	0x00c7
                           0000C5   474 _U1SMOD	=	0x00c5
                           0000C4   475 _U1REN	=	0x00c4
                           0000C3   476 _U1TB8	=	0x00c3
                           0000C2   477 _U1RB8	=	0x00c2
                           0000C1   478 _U1TI	=	0x00c1
                           0000C0   479 _U1RI	=	0x00c0
                           000087   480 _CMPO	=	0x0087
                           000086   481 _CMP_IF	=	0x0086
                           000085   482 _ADC_IF	=	0x0085
                           000084   483 _ADC_START	=	0x0084
                           000083   484 _CMP_CHAN	=	0x0083
                           000081   485 _ADC_CHAN1	=	0x0081
                           000080   486 _ADC_CHAN0	=	0x0080
                           0000DF   487 _U_IS_NAK	=	0x00df
                           0000DE   488 _U_TOG_OK	=	0x00de
                           0000DD   489 _U_SIE_FREE	=	0x00dd
                           0000DC   490 _UIF_FIFO_OV	=	0x00dc
                           0000DA   491 _UIF_SUSPEND	=	0x00da
                           0000D9   492 _UIF_TRANSFER	=	0x00d9
                           0000D8   493 _UIF_BUS_RST	=	0x00d8
                           000080   494 _P0_0	=	0x0080
                           000081   495 _P0_1	=	0x0081
                           000082   496 _P0_2	=	0x0082
                           000083   497 _P0_3	=	0x0083
                           000084   498 _P0_4	=	0x0084
                           000085   499 _P0_5	=	0x0085
                           000086   500 _P0_6	=	0x0086
                           000087   501 _P0_7	=	0x0087
                           000088   502 _IT0	=	0x0088
                           000089   503 _IE0	=	0x0089
                           00008A   504 _IT1	=	0x008a
                           00008B   505 _IE1	=	0x008b
                           00008C   506 _TR0	=	0x008c
                           00008D   507 _TF0	=	0x008d
                           00008E   508 _TR1	=	0x008e
                           00008F   509 _TF1	=	0x008f
                           000090   510 _P1_0	=	0x0090
                           000091   511 _P1_1	=	0x0091
                           000092   512 _P1_2	=	0x0092
                           000093   513 _P1_3	=	0x0093
                           000094   514 _P1_4	=	0x0094
                           000095   515 _P1_5	=	0x0095
                           000096   516 _P1_6	=	0x0096
                           000097   517 _P1_7	=	0x0097
                           000098   518 _RI	=	0x0098
                           000099   519 _TI	=	0x0099
                           00009A   520 _RB8	=	0x009a
                           00009B   521 _TB8	=	0x009b
                           00009C   522 _REN	=	0x009c
                           00009D   523 _SM2	=	0x009d
                           00009E   524 _SM1	=	0x009e
                           00009F   525 _SM0	=	0x009f
                           0000A0   526 _P2_0	=	0x00a0
                           0000A1   527 _P2_1	=	0x00a1
                           0000A2   528 _P2_2	=	0x00a2
                           0000A3   529 _P2_3	=	0x00a3
                           0000A4   530 _P2_4	=	0x00a4
                           0000A5   531 _P2_5	=	0x00a5
                           0000A6   532 _P2_6	=	0x00a6
                           0000A7   533 _P2_7	=	0x00a7
                           0000A8   534 _EX0	=	0x00a8
                           0000A9   535 _ET0	=	0x00a9
                           0000AA   536 _EX1	=	0x00aa
                           0000AB   537 _ET1	=	0x00ab
                           0000AC   538 _ES	=	0x00ac
                           0000AF   539 _EA	=	0x00af
                           0000B0   540 _P3_0	=	0x00b0
                           0000B1   541 _P3_1	=	0x00b1
                           0000B2   542 _P3_2	=	0x00b2
                           0000B3   543 _P3_3	=	0x00b3
                           0000B4   544 _P3_4	=	0x00b4
                           0000B5   545 _P3_5	=	0x00b5
                           0000B6   546 _P3_6	=	0x00b6
                           0000B7   547 _P3_7	=	0x00b7
                           0000B0   548 _RXD	=	0x00b0
                           0000B1   549 _TXD	=	0x00b1
                           0000B2   550 _INT0	=	0x00b2
                           0000B3   551 _INT1	=	0x00b3
                           0000B4   552 _T0	=	0x00b4
                           0000B5   553 _T1	=	0x00b5
                           0000B6   554 _WR	=	0x00b6
                           0000B7   555 _RD	=	0x00b7
                           0000B8   556 _PX0	=	0x00b8
                           0000B9   557 _PT0	=	0x00b9
                           0000BA   558 _PX1	=	0x00ba
                           0000BB   559 _PT1	=	0x00bb
                           0000BC   560 _PS	=	0x00bc
                           0000D0   561 _P	=	0x00d0
                           0000D1   562 _F1	=	0x00d1
                           0000D2   563 _OV	=	0x00d2
                           0000D3   564 _RS0	=	0x00d3
                           0000D4   565 _RS1	=	0x00d4
                           0000D5   566 _F0	=	0x00d5
                           0000D6   567 _AC	=	0x00d6
                           0000D7   568 _CY	=	0x00d7
                                    569 ;--------------------------------------------------------
                                    570 ; overlayable register banks
                                    571 ;--------------------------------------------------------
                                    572 	.area REG_BANK_0	(REL,OVR,DATA)
      000000                        573 	.ds 8
                                    574 ;--------------------------------------------------------
                                    575 ; internal ram data
                                    576 ;--------------------------------------------------------
                                    577 	.area DSEG    (DATA)
                                    578 ;--------------------------------------------------------
                                    579 ; overlayable items in internal ram
                                    580 ;--------------------------------------------------------
                                    581 ;--------------------------------------------------------
                                    582 ; Stack segment in internal ram
                                    583 ;--------------------------------------------------------
                                    584 	.area SSEG
      000000                        585 __start__stack:
      000000                        586 	.ds	1
                                    587 
                                    588 ;--------------------------------------------------------
                                    589 ; indirectly addressable internal ram data
                                    590 ;--------------------------------------------------------
                                    591 	.area ISEG    (DATA)
                                    592 ;--------------------------------------------------------
                                    593 ; absolute internal ram data
                                    594 ;--------------------------------------------------------
                                    595 	.area IABS    (ABS,DATA)
                                    596 	.area IABS    (ABS,DATA)
                                    597 ;--------------------------------------------------------
                                    598 ; bit data
                                    599 ;--------------------------------------------------------
                                    600 	.area BSEG    (BIT)
                                    601 ;--------------------------------------------------------
                                    602 ; paged external ram data
                                    603 ;--------------------------------------------------------
                                    604 	.area PSEG    (PAG,XDATA)
                                    605 ;--------------------------------------------------------
                                    606 ; uninitialized external ram data
                                    607 ;--------------------------------------------------------
                                    608 	.area XSEG    (XDATA)
      000000                        609 _instruction::
      000000                        610 	.ds 50
      000032                        611 _ssid::
      000032                        612 	.ds 15
      000041                        613 _pwd::
      000041                        614 	.ds 15
      000050                        615 _main_data_10001_86:
      000050                        616 	.ds 30
      00006E                        617 _main_level_10001_86:
      00006E                        618 	.ds 4
      000072                        619 _main_url_10001_86:
      000072                        620 	.ds 150
                                    621 ;--------------------------------------------------------
                                    622 ; absolute external ram data
                                    623 ;--------------------------------------------------------
                                    624 	.area XABS    (ABS,XDATA)
                                    625 ;--------------------------------------------------------
                                    626 ; initialized external ram data
                                    627 ;--------------------------------------------------------
                                    628 	.area XISEG   (XDATA)
                                    629 	.area HOME    (CODE)
                                    630 	.area GSINIT0 (CODE)
                                    631 	.area GSINIT1 (CODE)
                                    632 	.area GSINIT2 (CODE)
                                    633 	.area GSINIT3 (CODE)
                                    634 	.area GSINIT4 (CODE)
                                    635 	.area GSINIT5 (CODE)
                                    636 	.area GSINIT  (CODE)
                                    637 	.area GSFINAL (CODE)
                                    638 	.area CSEG    (CODE)
                                    639 ;--------------------------------------------------------
                                    640 ; interrupt vector
                                    641 ;--------------------------------------------------------
                                    642 	.area HOME    (CODE)
      000000                        643 __interrupt_vect:
      000000 02r00r00         [24]  644 	ljmp	__sdcc_gsinit_startup
      000003 32               [24]  645 	reti
      000004                        646 	.ds	7
      00000B 32               [24]  647 	reti
      00000C                        648 	.ds	7
      000013 32               [24]  649 	reti
      000014                        650 	.ds	7
      00001B 02r00r00         [24]  651 	ljmp	_timer0_isr
                                    652 ;--------------------------------------------------------
                                    653 ; global & static initialisations
                                    654 ;--------------------------------------------------------
                                    655 	.area HOME    (CODE)
                                    656 	.area GSINIT  (CODE)
                                    657 	.area GSFINAL (CODE)
                                    658 	.area GSINIT  (CODE)
                                    659 	.globl __sdcc_gsinit_startup
                                    660 	.globl __sdcc_program_startup
                                    661 	.globl __start__stack
                                    662 	.globl __mcs51_genXINIT
                                    663 	.globl __mcs51_genXRAMCLEAR
                                    664 	.globl __mcs51_genRAMCLEAR
                                    665 	.area GSFINAL (CODE)
      000000 02r00r1E         [24]  666 	ljmp	__sdcc_program_startup
                                    667 ;--------------------------------------------------------
                                    668 ; Home
                                    669 ;--------------------------------------------------------
                                    670 	.area HOME    (CODE)
                                    671 	.area HOME    (CODE)
      00001E                        672 __sdcc_program_startup:
      00001E 02r00r01         [24]  673 	ljmp	_main
                                    674 ;	return from main will return to caller
                                    675 ;--------------------------------------------------------
                                    676 ; code
                                    677 ;--------------------------------------------------------
                                    678 	.area CSEG    (CODE)
                                    679 ;------------------------------------------------------------
                                    680 ;Allocation info for local variables in function 'timer0_isr'
                                    681 ;------------------------------------------------------------
                                    682 ;	../Firmware/src/main.c:8: void timer0_isr(void) __interrupt(INT_NO_TMR1){
                                    683 ;	-----------------------------------------
                                    684 ;	 function timer0_isr
                                    685 ;	-----------------------------------------
      000000                        686 _timer0_isr:
                           000007   687 	ar7 = 0x07
                           000006   688 	ar6 = 0x06
                           000005   689 	ar5 = 0x05
                           000004   690 	ar4 = 0x04
                           000003   691 	ar3 = 0x03
                           000002   692 	ar2 = 0x02
                           000001   693 	ar1 = 0x01
                           000000   694 	ar0 = 0x00
                                    695 ;	../Firmware/src/main.c:10: }
      000000 32               [24]  696 	reti
                                    697 ;	eliminated unneeded mov psw,# (no regs used in bank)
                                    698 ;	eliminated unneeded push/pop not_psw
                                    699 ;	eliminated unneeded push/pop dpl
                                    700 ;	eliminated unneeded push/pop dph
                                    701 ;	eliminated unneeded push/pop b
                                    702 ;	eliminated unneeded push/pop acc
                                    703 ;------------------------------------------------------------
                                    704 ;Allocation info for local variables in function 'main'
                                    705 ;------------------------------------------------------------
                                    706 ;data                      Allocated with name '_main_data_10001_86'
                                    707 ;level                     Allocated with name '_main_level_10001_86'
                                    708 ;url                       Allocated with name '_main_url_10001_86'
                                    709 ;------------------------------------------------------------
                                    710 ;	../Firmware/src/main.c:14: void main(void) {
                                    711 ;	-----------------------------------------
                                    712 ;	 function main
                                    713 ;	-----------------------------------------
      000001                        714 _main:
                                    715 ;	../Firmware/src/main.c:15: delay(500);
      000001 90 01 F4         [24]  716 	mov	dptr,#0x01f4
      000004 12r00r00         [24]  717 	lcall	_delay
                                    718 ;	../Firmware/src/main.c:16: uart_begin(UART0,9600);
      000007 75*00 80         [24]  719 	mov	_uart_begin_PARM_2,#0x80
      00000A 75*01 25         [24]  720 	mov	(_uart_begin_PARM_2 + 1),#0x25
      00000D E4               [12]  721 	clr	a
      00000E F5*02            [12]  722 	mov	(_uart_begin_PARM_2 + 2),a
      000010 F5*03            [12]  723 	mov	(_uart_begin_PARM_2 + 3),a
      000012 75 82 00         [24]  724 	mov	dpl, #0x00
      000015 12r00r00         [24]  725 	lcall	_uart_begin
                                    726 ;	../Firmware/src/main.c:17: delay(500);
      000018 90 01 F4         [24]  727 	mov	dptr,#0x01f4
      00001B 12r00r00         [24]  728 	lcall	_delay
                                    729 ;	../Firmware/src/main.c:20: __xdata unsigned char data[30] = {0};
      00001E 90r00r50         [24]  730 	mov	dptr,#_main_data_10001_86
      000021 E4               [12]  731 	clr	a
      000022 F0               [24]  732 	movx	@dptr,a
      000023 90r00r51         [24]  733 	mov	dptr,#(_main_data_10001_86 + 0x0001)
      000026 F0               [24]  734 	movx	@dptr,a
      000027 90r00r52         [24]  735 	mov	dptr,#(_main_data_10001_86 + 0x0002)
      00002A F0               [24]  736 	movx	@dptr,a
      00002B 90r00r53         [24]  737 	mov	dptr,#(_main_data_10001_86 + 0x0003)
      00002E F0               [24]  738 	movx	@dptr,a
      00002F 90r00r54         [24]  739 	mov	dptr,#(_main_data_10001_86 + 0x0004)
      000032 F0               [24]  740 	movx	@dptr,a
      000033 90r00r55         [24]  741 	mov	dptr,#(_main_data_10001_86 + 0x0005)
      000036 F0               [24]  742 	movx	@dptr,a
      000037 90r00r56         [24]  743 	mov	dptr,#(_main_data_10001_86 + 0x0006)
      00003A F0               [24]  744 	movx	@dptr,a
      00003B 90r00r57         [24]  745 	mov	dptr,#(_main_data_10001_86 + 0x0007)
      00003E F0               [24]  746 	movx	@dptr,a
      00003F 90r00r58         [24]  747 	mov	dptr,#(_main_data_10001_86 + 0x0008)
      000042 F0               [24]  748 	movx	@dptr,a
      000043 90r00r59         [24]  749 	mov	dptr,#(_main_data_10001_86 + 0x0009)
      000046 F0               [24]  750 	movx	@dptr,a
      000047 90r00r5A         [24]  751 	mov	dptr,#(_main_data_10001_86 + 0x000a)
      00004A F0               [24]  752 	movx	@dptr,a
      00004B 90r00r5B         [24]  753 	mov	dptr,#(_main_data_10001_86 + 0x000b)
      00004E F0               [24]  754 	movx	@dptr,a
      00004F 90r00r5C         [24]  755 	mov	dptr,#(_main_data_10001_86 + 0x000c)
      000052 F0               [24]  756 	movx	@dptr,a
      000053 90r00r5D         [24]  757 	mov	dptr,#(_main_data_10001_86 + 0x000d)
      000056 F0               [24]  758 	movx	@dptr,a
      000057 90r00r5E         [24]  759 	mov	dptr,#(_main_data_10001_86 + 0x000e)
      00005A F0               [24]  760 	movx	@dptr,a
      00005B 90r00r5F         [24]  761 	mov	dptr,#(_main_data_10001_86 + 0x000f)
      00005E F0               [24]  762 	movx	@dptr,a
      00005F 90r00r60         [24]  763 	mov	dptr,#(_main_data_10001_86 + 0x0010)
      000062 F0               [24]  764 	movx	@dptr,a
      000063 90r00r61         [24]  765 	mov	dptr,#(_main_data_10001_86 + 0x0011)
      000066 F0               [24]  766 	movx	@dptr,a
      000067 90r00r62         [24]  767 	mov	dptr,#(_main_data_10001_86 + 0x0012)
      00006A F0               [24]  768 	movx	@dptr,a
      00006B 90r00r63         [24]  769 	mov	dptr,#(_main_data_10001_86 + 0x0013)
      00006E F0               [24]  770 	movx	@dptr,a
      00006F 90r00r64         [24]  771 	mov	dptr,#(_main_data_10001_86 + 0x0014)
      000072 F0               [24]  772 	movx	@dptr,a
      000073 90r00r65         [24]  773 	mov	dptr,#(_main_data_10001_86 + 0x0015)
      000076 F0               [24]  774 	movx	@dptr,a
      000077 90r00r66         [24]  775 	mov	dptr,#(_main_data_10001_86 + 0x0016)
      00007A F0               [24]  776 	movx	@dptr,a
      00007B 90r00r67         [24]  777 	mov	dptr,#(_main_data_10001_86 + 0x0017)
      00007E F0               [24]  778 	movx	@dptr,a
      00007F 90r00r68         [24]  779 	mov	dptr,#(_main_data_10001_86 + 0x0018)
      000082 F0               [24]  780 	movx	@dptr,a
      000083 90r00r69         [24]  781 	mov	dptr,#(_main_data_10001_86 + 0x0019)
      000086 F0               [24]  782 	movx	@dptr,a
      000087 90r00r6A         [24]  783 	mov	dptr,#(_main_data_10001_86 + 0x001a)
      00008A F0               [24]  784 	movx	@dptr,a
      00008B 90r00r6B         [24]  785 	mov	dptr,#(_main_data_10001_86 + 0x001b)
      00008E F0               [24]  786 	movx	@dptr,a
      00008F 90r00r6C         [24]  787 	mov	dptr,#(_main_data_10001_86 + 0x001c)
      000092 F0               [24]  788 	movx	@dptr,a
      000093 90r00r6D         [24]  789 	mov	dptr,#(_main_data_10001_86 + 0x001d)
      000096 F0               [24]  790 	movx	@dptr,a
                                    791 ;	../Firmware/src/main.c:21: __xdata unsigned char level[4] = {0};
      000097 90r00r6E         [24]  792 	mov	dptr,#_main_level_10001_86
      00009A F0               [24]  793 	movx	@dptr,a
      00009B 90r00r6F         [24]  794 	mov	dptr,#(_main_level_10001_86 + 0x0001)
      00009E F0               [24]  795 	movx	@dptr,a
      00009F 90r00r70         [24]  796 	mov	dptr,#(_main_level_10001_86 + 0x0002)
      0000A2 F0               [24]  797 	movx	@dptr,a
      0000A3 90r00r71         [24]  798 	mov	dptr,#(_main_level_10001_86 + 0x0003)
      0000A6 F0               [24]  799 	movx	@dptr,a
                                    800 ;	../Firmware/src/main.c:22: __xdata unsigned char url[150] = {0};
      0000A7 90r00r72         [24]  801 	mov	dptr,#_main_url_10001_86
      0000AA F0               [24]  802 	movx	@dptr,a
      0000AB 90r00r73         [24]  803 	mov	dptr,#(_main_url_10001_86 + 0x0001)
      0000AE F0               [24]  804 	movx	@dptr,a
      0000AF 90r00r74         [24]  805 	mov	dptr,#(_main_url_10001_86 + 0x0002)
      0000B2 F0               [24]  806 	movx	@dptr,a
      0000B3 90r00r75         [24]  807 	mov	dptr,#(_main_url_10001_86 + 0x0003)
      0000B6 F0               [24]  808 	movx	@dptr,a
      0000B7 90r00r76         [24]  809 	mov	dptr,#(_main_url_10001_86 + 0x0004)
      0000BA F0               [24]  810 	movx	@dptr,a
      0000BB 90r00r77         [24]  811 	mov	dptr,#(_main_url_10001_86 + 0x0005)
      0000BE F0               [24]  812 	movx	@dptr,a
      0000BF 90r00r78         [24]  813 	mov	dptr,#(_main_url_10001_86 + 0x0006)
      0000C2 F0               [24]  814 	movx	@dptr,a
      0000C3 90r00r79         [24]  815 	mov	dptr,#(_main_url_10001_86 + 0x0007)
      0000C6 F0               [24]  816 	movx	@dptr,a
      0000C7 90r00r7A         [24]  817 	mov	dptr,#(_main_url_10001_86 + 0x0008)
      0000CA F0               [24]  818 	movx	@dptr,a
      0000CB 90r00r7B         [24]  819 	mov	dptr,#(_main_url_10001_86 + 0x0009)
      0000CE F0               [24]  820 	movx	@dptr,a
      0000CF 90r00r7C         [24]  821 	mov	dptr,#(_main_url_10001_86 + 0x000a)
      0000D2 F0               [24]  822 	movx	@dptr,a
      0000D3 90r00r7D         [24]  823 	mov	dptr,#(_main_url_10001_86 + 0x000b)
      0000D6 F0               [24]  824 	movx	@dptr,a
      0000D7 90r00r7E         [24]  825 	mov	dptr,#(_main_url_10001_86 + 0x000c)
      0000DA F0               [24]  826 	movx	@dptr,a
      0000DB 90r00r7F         [24]  827 	mov	dptr,#(_main_url_10001_86 + 0x000d)
      0000DE F0               [24]  828 	movx	@dptr,a
      0000DF 90r00r80         [24]  829 	mov	dptr,#(_main_url_10001_86 + 0x000e)
      0000E2 F0               [24]  830 	movx	@dptr,a
      0000E3 90r00r81         [24]  831 	mov	dptr,#(_main_url_10001_86 + 0x000f)
      0000E6 F0               [24]  832 	movx	@dptr,a
      0000E7 90r00r82         [24]  833 	mov	dptr,#(_main_url_10001_86 + 0x0010)
      0000EA F0               [24]  834 	movx	@dptr,a
      0000EB 90r00r83         [24]  835 	mov	dptr,#(_main_url_10001_86 + 0x0011)
      0000EE F0               [24]  836 	movx	@dptr,a
      0000EF 90r00r84         [24]  837 	mov	dptr,#(_main_url_10001_86 + 0x0012)
      0000F2 F0               [24]  838 	movx	@dptr,a
      0000F3 90r00r85         [24]  839 	mov	dptr,#(_main_url_10001_86 + 0x0013)
      0000F6 F0               [24]  840 	movx	@dptr,a
      0000F7 90r00r86         [24]  841 	mov	dptr,#(_main_url_10001_86 + 0x0014)
      0000FA F0               [24]  842 	movx	@dptr,a
      0000FB 90r00r87         [24]  843 	mov	dptr,#(_main_url_10001_86 + 0x0015)
      0000FE F0               [24]  844 	movx	@dptr,a
      0000FF 90r00r88         [24]  845 	mov	dptr,#(_main_url_10001_86 + 0x0016)
      000102 F0               [24]  846 	movx	@dptr,a
      000103 90r00r89         [24]  847 	mov	dptr,#(_main_url_10001_86 + 0x0017)
      000106 F0               [24]  848 	movx	@dptr,a
      000107 90r00r8A         [24]  849 	mov	dptr,#(_main_url_10001_86 + 0x0018)
      00010A F0               [24]  850 	movx	@dptr,a
      00010B 90r00r8B         [24]  851 	mov	dptr,#(_main_url_10001_86 + 0x0019)
      00010E F0               [24]  852 	movx	@dptr,a
      00010F 90r00r8C         [24]  853 	mov	dptr,#(_main_url_10001_86 + 0x001a)
      000112 F0               [24]  854 	movx	@dptr,a
      000113 90r00r8D         [24]  855 	mov	dptr,#(_main_url_10001_86 + 0x001b)
      000116 F0               [24]  856 	movx	@dptr,a
      000117 90r00r8E         [24]  857 	mov	dptr,#(_main_url_10001_86 + 0x001c)
      00011A F0               [24]  858 	movx	@dptr,a
      00011B 90r00r8F         [24]  859 	mov	dptr,#(_main_url_10001_86 + 0x001d)
      00011E F0               [24]  860 	movx	@dptr,a
      00011F 90r00r90         [24]  861 	mov	dptr,#(_main_url_10001_86 + 0x001e)
      000122 F0               [24]  862 	movx	@dptr,a
      000123 90r00r91         [24]  863 	mov	dptr,#(_main_url_10001_86 + 0x001f)
      000126 F0               [24]  864 	movx	@dptr,a
      000127 90r00r92         [24]  865 	mov	dptr,#(_main_url_10001_86 + 0x0020)
      00012A F0               [24]  866 	movx	@dptr,a
      00012B 90r00r93         [24]  867 	mov	dptr,#(_main_url_10001_86 + 0x0021)
      00012E F0               [24]  868 	movx	@dptr,a
      00012F 90r00r94         [24]  869 	mov	dptr,#(_main_url_10001_86 + 0x0022)
      000132 F0               [24]  870 	movx	@dptr,a
      000133 90r00r95         [24]  871 	mov	dptr,#(_main_url_10001_86 + 0x0023)
      000136 F0               [24]  872 	movx	@dptr,a
      000137 90r00r96         [24]  873 	mov	dptr,#(_main_url_10001_86 + 0x0024)
      00013A F0               [24]  874 	movx	@dptr,a
      00013B 90r00r97         [24]  875 	mov	dptr,#(_main_url_10001_86 + 0x0025)
      00013E F0               [24]  876 	movx	@dptr,a
      00013F 90r00r98         [24]  877 	mov	dptr,#(_main_url_10001_86 + 0x0026)
      000142 F0               [24]  878 	movx	@dptr,a
      000143 90r00r99         [24]  879 	mov	dptr,#(_main_url_10001_86 + 0x0027)
      000146 F0               [24]  880 	movx	@dptr,a
      000147 90r00r9A         [24]  881 	mov	dptr,#(_main_url_10001_86 + 0x0028)
      00014A F0               [24]  882 	movx	@dptr,a
      00014B 90r00r9B         [24]  883 	mov	dptr,#(_main_url_10001_86 + 0x0029)
      00014E F0               [24]  884 	movx	@dptr,a
      00014F 90r00r9C         [24]  885 	mov	dptr,#(_main_url_10001_86 + 0x002a)
      000152 F0               [24]  886 	movx	@dptr,a
      000153 90r00r9D         [24]  887 	mov	dptr,#(_main_url_10001_86 + 0x002b)
      000156 F0               [24]  888 	movx	@dptr,a
      000157 90r00r9E         [24]  889 	mov	dptr,#(_main_url_10001_86 + 0x002c)
      00015A F0               [24]  890 	movx	@dptr,a
      00015B 90r00r9F         [24]  891 	mov	dptr,#(_main_url_10001_86 + 0x002d)
      00015E F0               [24]  892 	movx	@dptr,a
      00015F 90r00rA0         [24]  893 	mov	dptr,#(_main_url_10001_86 + 0x002e)
      000162 F0               [24]  894 	movx	@dptr,a
      000163 90r00rA1         [24]  895 	mov	dptr,#(_main_url_10001_86 + 0x002f)
      000166 F0               [24]  896 	movx	@dptr,a
      000167 90r00rA2         [24]  897 	mov	dptr,#(_main_url_10001_86 + 0x0030)
      00016A F0               [24]  898 	movx	@dptr,a
      00016B 90r00rA3         [24]  899 	mov	dptr,#(_main_url_10001_86 + 0x0031)
      00016E F0               [24]  900 	movx	@dptr,a
      00016F 90r00rA4         [24]  901 	mov	dptr,#(_main_url_10001_86 + 0x0032)
      000172 F0               [24]  902 	movx	@dptr,a
      000173 90r00rA5         [24]  903 	mov	dptr,#(_main_url_10001_86 + 0x0033)
      000176 F0               [24]  904 	movx	@dptr,a
      000177 90r00rA6         [24]  905 	mov	dptr,#(_main_url_10001_86 + 0x0034)
      00017A F0               [24]  906 	movx	@dptr,a
      00017B 90r00rA7         [24]  907 	mov	dptr,#(_main_url_10001_86 + 0x0035)
      00017E F0               [24]  908 	movx	@dptr,a
      00017F 90r00rA8         [24]  909 	mov	dptr,#(_main_url_10001_86 + 0x0036)
      000182 F0               [24]  910 	movx	@dptr,a
      000183 90r00rA9         [24]  911 	mov	dptr,#(_main_url_10001_86 + 0x0037)
      000186 F0               [24]  912 	movx	@dptr,a
      000187 90r00rAA         [24]  913 	mov	dptr,#(_main_url_10001_86 + 0x0038)
      00018A F0               [24]  914 	movx	@dptr,a
      00018B 90r00rAB         [24]  915 	mov	dptr,#(_main_url_10001_86 + 0x0039)
      00018E F0               [24]  916 	movx	@dptr,a
      00018F 90r00rAC         [24]  917 	mov	dptr,#(_main_url_10001_86 + 0x003a)
      000192 F0               [24]  918 	movx	@dptr,a
      000193 90r00rAD         [24]  919 	mov	dptr,#(_main_url_10001_86 + 0x003b)
      000196 F0               [24]  920 	movx	@dptr,a
      000197 90r00rAE         [24]  921 	mov	dptr,#(_main_url_10001_86 + 0x003c)
      00019A F0               [24]  922 	movx	@dptr,a
      00019B 90r00rAF         [24]  923 	mov	dptr,#(_main_url_10001_86 + 0x003d)
      00019E F0               [24]  924 	movx	@dptr,a
      00019F 90r00rB0         [24]  925 	mov	dptr,#(_main_url_10001_86 + 0x003e)
      0001A2 F0               [24]  926 	movx	@dptr,a
      0001A3 90r00rB1         [24]  927 	mov	dptr,#(_main_url_10001_86 + 0x003f)
      0001A6 F0               [24]  928 	movx	@dptr,a
      0001A7 90r00rB2         [24]  929 	mov	dptr,#(_main_url_10001_86 + 0x0040)
      0001AA F0               [24]  930 	movx	@dptr,a
      0001AB 90r00rB3         [24]  931 	mov	dptr,#(_main_url_10001_86 + 0x0041)
      0001AE F0               [24]  932 	movx	@dptr,a
      0001AF 90r00rB4         [24]  933 	mov	dptr,#(_main_url_10001_86 + 0x0042)
      0001B2 F0               [24]  934 	movx	@dptr,a
      0001B3 90r00rB5         [24]  935 	mov	dptr,#(_main_url_10001_86 + 0x0043)
      0001B6 F0               [24]  936 	movx	@dptr,a
      0001B7 90r00rB6         [24]  937 	mov	dptr,#(_main_url_10001_86 + 0x0044)
      0001BA F0               [24]  938 	movx	@dptr,a
      0001BB 90r00rB7         [24]  939 	mov	dptr,#(_main_url_10001_86 + 0x0045)
      0001BE F0               [24]  940 	movx	@dptr,a
      0001BF 90r00rB8         [24]  941 	mov	dptr,#(_main_url_10001_86 + 0x0046)
      0001C2 F0               [24]  942 	movx	@dptr,a
      0001C3 90r00rB9         [24]  943 	mov	dptr,#(_main_url_10001_86 + 0x0047)
      0001C6 F0               [24]  944 	movx	@dptr,a
      0001C7 90r00rBA         [24]  945 	mov	dptr,#(_main_url_10001_86 + 0x0048)
      0001CA F0               [24]  946 	movx	@dptr,a
      0001CB 90r00rBB         [24]  947 	mov	dptr,#(_main_url_10001_86 + 0x0049)
      0001CE F0               [24]  948 	movx	@dptr,a
      0001CF 90r00rBC         [24]  949 	mov	dptr,#(_main_url_10001_86 + 0x004a)
      0001D2 F0               [24]  950 	movx	@dptr,a
      0001D3 90r00rBD         [24]  951 	mov	dptr,#(_main_url_10001_86 + 0x004b)
      0001D6 F0               [24]  952 	movx	@dptr,a
      0001D7 90r00rBE         [24]  953 	mov	dptr,#(_main_url_10001_86 + 0x004c)
      0001DA F0               [24]  954 	movx	@dptr,a
      0001DB 90r00rBF         [24]  955 	mov	dptr,#(_main_url_10001_86 + 0x004d)
      0001DE F0               [24]  956 	movx	@dptr,a
      0001DF 90r00rC0         [24]  957 	mov	dptr,#(_main_url_10001_86 + 0x004e)
      0001E2 F0               [24]  958 	movx	@dptr,a
      0001E3 90r00rC1         [24]  959 	mov	dptr,#(_main_url_10001_86 + 0x004f)
      0001E6 F0               [24]  960 	movx	@dptr,a
      0001E7 90r00rC2         [24]  961 	mov	dptr,#(_main_url_10001_86 + 0x0050)
      0001EA F0               [24]  962 	movx	@dptr,a
      0001EB 90r00rC3         [24]  963 	mov	dptr,#(_main_url_10001_86 + 0x0051)
      0001EE F0               [24]  964 	movx	@dptr,a
      0001EF 90r00rC4         [24]  965 	mov	dptr,#(_main_url_10001_86 + 0x0052)
      0001F2 F0               [24]  966 	movx	@dptr,a
      0001F3 90r00rC5         [24]  967 	mov	dptr,#(_main_url_10001_86 + 0x0053)
      0001F6 F0               [24]  968 	movx	@dptr,a
      0001F7 90r00rC6         [24]  969 	mov	dptr,#(_main_url_10001_86 + 0x0054)
      0001FA F0               [24]  970 	movx	@dptr,a
      0001FB 90r00rC7         [24]  971 	mov	dptr,#(_main_url_10001_86 + 0x0055)
      0001FE F0               [24]  972 	movx	@dptr,a
      0001FF 90r00rC8         [24]  973 	mov	dptr,#(_main_url_10001_86 + 0x0056)
      000202 F0               [24]  974 	movx	@dptr,a
      000203 90r00rC9         [24]  975 	mov	dptr,#(_main_url_10001_86 + 0x0057)
      000206 F0               [24]  976 	movx	@dptr,a
      000207 90r00rCA         [24]  977 	mov	dptr,#(_main_url_10001_86 + 0x0058)
      00020A F0               [24]  978 	movx	@dptr,a
      00020B 90r00rCB         [24]  979 	mov	dptr,#(_main_url_10001_86 + 0x0059)
      00020E F0               [24]  980 	movx	@dptr,a
      00020F 90r00rCC         [24]  981 	mov	dptr,#(_main_url_10001_86 + 0x005a)
      000212 F0               [24]  982 	movx	@dptr,a
      000213 90r00rCD         [24]  983 	mov	dptr,#(_main_url_10001_86 + 0x005b)
      000216 F0               [24]  984 	movx	@dptr,a
      000217 90r00rCE         [24]  985 	mov	dptr,#(_main_url_10001_86 + 0x005c)
      00021A F0               [24]  986 	movx	@dptr,a
      00021B 90r00rCF         [24]  987 	mov	dptr,#(_main_url_10001_86 + 0x005d)
      00021E F0               [24]  988 	movx	@dptr,a
      00021F 90r00rD0         [24]  989 	mov	dptr,#(_main_url_10001_86 + 0x005e)
      000222 F0               [24]  990 	movx	@dptr,a
      000223 90r00rD1         [24]  991 	mov	dptr,#(_main_url_10001_86 + 0x005f)
      000226 F0               [24]  992 	movx	@dptr,a
      000227 90r00rD2         [24]  993 	mov	dptr,#(_main_url_10001_86 + 0x0060)
      00022A F0               [24]  994 	movx	@dptr,a
      00022B 90r00rD3         [24]  995 	mov	dptr,#(_main_url_10001_86 + 0x0061)
      00022E F0               [24]  996 	movx	@dptr,a
      00022F 90r00rD4         [24]  997 	mov	dptr,#(_main_url_10001_86 + 0x0062)
      000232 F0               [24]  998 	movx	@dptr,a
      000233 90r00rD5         [24]  999 	mov	dptr,#(_main_url_10001_86 + 0x0063)
      000236 F0               [24] 1000 	movx	@dptr,a
      000237 90r00rD6         [24] 1001 	mov	dptr,#(_main_url_10001_86 + 0x0064)
      00023A F0               [24] 1002 	movx	@dptr,a
      00023B 90r00rD7         [24] 1003 	mov	dptr,#(_main_url_10001_86 + 0x0065)
      00023E F0               [24] 1004 	movx	@dptr,a
      00023F 90r00rD8         [24] 1005 	mov	dptr,#(_main_url_10001_86 + 0x0066)
      000242 F0               [24] 1006 	movx	@dptr,a
      000243 90r00rD9         [24] 1007 	mov	dptr,#(_main_url_10001_86 + 0x0067)
      000246 F0               [24] 1008 	movx	@dptr,a
      000247 90r00rDA         [24] 1009 	mov	dptr,#(_main_url_10001_86 + 0x0068)
      00024A F0               [24] 1010 	movx	@dptr,a
      00024B 90r00rDB         [24] 1011 	mov	dptr,#(_main_url_10001_86 + 0x0069)
      00024E F0               [24] 1012 	movx	@dptr,a
      00024F 90r00rDC         [24] 1013 	mov	dptr,#(_main_url_10001_86 + 0x006a)
      000252 F0               [24] 1014 	movx	@dptr,a
      000253 90r00rDD         [24] 1015 	mov	dptr,#(_main_url_10001_86 + 0x006b)
      000256 F0               [24] 1016 	movx	@dptr,a
      000257 90r00rDE         [24] 1017 	mov	dptr,#(_main_url_10001_86 + 0x006c)
      00025A F0               [24] 1018 	movx	@dptr,a
      00025B 90r00rDF         [24] 1019 	mov	dptr,#(_main_url_10001_86 + 0x006d)
      00025E F0               [24] 1020 	movx	@dptr,a
      00025F 90r00rE0         [24] 1021 	mov	dptr,#(_main_url_10001_86 + 0x006e)
      000262 F0               [24] 1022 	movx	@dptr,a
      000263 90r00rE1         [24] 1023 	mov	dptr,#(_main_url_10001_86 + 0x006f)
      000266 F0               [24] 1024 	movx	@dptr,a
      000267 90r00rE2         [24] 1025 	mov	dptr,#(_main_url_10001_86 + 0x0070)
      00026A F0               [24] 1026 	movx	@dptr,a
      00026B 90r00rE3         [24] 1027 	mov	dptr,#(_main_url_10001_86 + 0x0071)
      00026E F0               [24] 1028 	movx	@dptr,a
      00026F 90r00rE4         [24] 1029 	mov	dptr,#(_main_url_10001_86 + 0x0072)
      000272 F0               [24] 1030 	movx	@dptr,a
      000273 90r00rE5         [24] 1031 	mov	dptr,#(_main_url_10001_86 + 0x0073)
      000276 F0               [24] 1032 	movx	@dptr,a
      000277 90r00rE6         [24] 1033 	mov	dptr,#(_main_url_10001_86 + 0x0074)
      00027A F0               [24] 1034 	movx	@dptr,a
      00027B 90r00rE7         [24] 1035 	mov	dptr,#(_main_url_10001_86 + 0x0075)
      00027E F0               [24] 1036 	movx	@dptr,a
      00027F 90r00rE8         [24] 1037 	mov	dptr,#(_main_url_10001_86 + 0x0076)
      000282 F0               [24] 1038 	movx	@dptr,a
      000283 90r00rE9         [24] 1039 	mov	dptr,#(_main_url_10001_86 + 0x0077)
      000286 F0               [24] 1040 	movx	@dptr,a
      000287 90r00rEA         [24] 1041 	mov	dptr,#(_main_url_10001_86 + 0x0078)
      00028A F0               [24] 1042 	movx	@dptr,a
      00028B 90r00rEB         [24] 1043 	mov	dptr,#(_main_url_10001_86 + 0x0079)
      00028E F0               [24] 1044 	movx	@dptr,a
      00028F 90r00rEC         [24] 1045 	mov	dptr,#(_main_url_10001_86 + 0x007a)
      000292 F0               [24] 1046 	movx	@dptr,a
      000293 90r00rED         [24] 1047 	mov	dptr,#(_main_url_10001_86 + 0x007b)
      000296 F0               [24] 1048 	movx	@dptr,a
      000297 90r00rEE         [24] 1049 	mov	dptr,#(_main_url_10001_86 + 0x007c)
      00029A F0               [24] 1050 	movx	@dptr,a
      00029B 90r00rEF         [24] 1051 	mov	dptr,#(_main_url_10001_86 + 0x007d)
      00029E F0               [24] 1052 	movx	@dptr,a
      00029F 90r00rF0         [24] 1053 	mov	dptr,#(_main_url_10001_86 + 0x007e)
      0002A2 F0               [24] 1054 	movx	@dptr,a
      0002A3 90r00rF1         [24] 1055 	mov	dptr,#(_main_url_10001_86 + 0x007f)
      0002A6 F0               [24] 1056 	movx	@dptr,a
      0002A7 90r00rF2         [24] 1057 	mov	dptr,#(_main_url_10001_86 + 0x0080)
      0002AA F0               [24] 1058 	movx	@dptr,a
      0002AB 90r00rF3         [24] 1059 	mov	dptr,#(_main_url_10001_86 + 0x0081)
      0002AE F0               [24] 1060 	movx	@dptr,a
      0002AF 90r00rF4         [24] 1061 	mov	dptr,#(_main_url_10001_86 + 0x0082)
      0002B2 F0               [24] 1062 	movx	@dptr,a
      0002B3 90r00rF5         [24] 1063 	mov	dptr,#(_main_url_10001_86 + 0x0083)
      0002B6 F0               [24] 1064 	movx	@dptr,a
      0002B7 90r00rF6         [24] 1065 	mov	dptr,#(_main_url_10001_86 + 0x0084)
      0002BA F0               [24] 1066 	movx	@dptr,a
      0002BB 90r00rF7         [24] 1067 	mov	dptr,#(_main_url_10001_86 + 0x0085)
      0002BE F0               [24] 1068 	movx	@dptr,a
      0002BF 90r00rF8         [24] 1069 	mov	dptr,#(_main_url_10001_86 + 0x0086)
      0002C2 F0               [24] 1070 	movx	@dptr,a
      0002C3 90r00rF9         [24] 1071 	mov	dptr,#(_main_url_10001_86 + 0x0087)
      0002C6 F0               [24] 1072 	movx	@dptr,a
      0002C7 90r00rFA         [24] 1073 	mov	dptr,#(_main_url_10001_86 + 0x0088)
      0002CA F0               [24] 1074 	movx	@dptr,a
      0002CB 90r00rFB         [24] 1075 	mov	dptr,#(_main_url_10001_86 + 0x0089)
      0002CE F0               [24] 1076 	movx	@dptr,a
      0002CF 90r00rFC         [24] 1077 	mov	dptr,#(_main_url_10001_86 + 0x008a)
      0002D2 F0               [24] 1078 	movx	@dptr,a
      0002D3 90r00rFD         [24] 1079 	mov	dptr,#(_main_url_10001_86 + 0x008b)
      0002D6 F0               [24] 1080 	movx	@dptr,a
      0002D7 90r00rFE         [24] 1081 	mov	dptr,#(_main_url_10001_86 + 0x008c)
      0002DA F0               [24] 1082 	movx	@dptr,a
      0002DB 90r00rFF         [24] 1083 	mov	dptr,#(_main_url_10001_86 + 0x008d)
      0002DE F0               [24] 1084 	movx	@dptr,a
      0002DF 90r01r00         [24] 1085 	mov	dptr,#(_main_url_10001_86 + 0x008e)
      0002E2 F0               [24] 1086 	movx	@dptr,a
      0002E3 90r01r01         [24] 1087 	mov	dptr,#(_main_url_10001_86 + 0x008f)
      0002E6 F0               [24] 1088 	movx	@dptr,a
      0002E7 90r01r02         [24] 1089 	mov	dptr,#(_main_url_10001_86 + 0x0090)
      0002EA F0               [24] 1090 	movx	@dptr,a
      0002EB 90r01r03         [24] 1091 	mov	dptr,#(_main_url_10001_86 + 0x0091)
      0002EE F0               [24] 1092 	movx	@dptr,a
      0002EF 90r01r04         [24] 1093 	mov	dptr,#(_main_url_10001_86 + 0x0092)
      0002F2 F0               [24] 1094 	movx	@dptr,a
      0002F3 90r01r05         [24] 1095 	mov	dptr,#(_main_url_10001_86 + 0x0093)
      0002F6 F0               [24] 1096 	movx	@dptr,a
      0002F7 90r01r06         [24] 1097 	mov	dptr,#(_main_url_10001_86 + 0x0094)
      0002FA F0               [24] 1098 	movx	@dptr,a
      0002FB 90r01r07         [24] 1099 	mov	dptr,#(_main_url_10001_86 + 0x0095)
      0002FE F0               [24] 1100 	movx	@dptr,a
                                   1101 ;	../Firmware/src/main.c:25: while(1){
      0002FF                       1102 00104$:
                                   1103 ;	../Firmware/src/main.c:26: memset(url,0,150);
      0002FF 75*00 00         [24] 1104 	mov	_memset_PARM_2,#0x00
      000302 75*00 96         [24] 1105 	mov	_memset_PARM_3,#0x96
      000305 75*01 00         [24] 1106 	mov	(_memset_PARM_3 + 1),#0x00
      000308 90r00r72         [24] 1107 	mov	dptr,#_main_url_10001_86
      00030B 75 F0 00         [24] 1108 	mov	b, #0x00
      00030E 12r00r00         [24] 1109 	lcall	_memset
                                   1110 ;	../Firmware/src/main.c:27: convert(level, convert_to_percentage(analog_read(3)));
      000311 90 00 03         [24] 1111 	mov	dptr,#0x0003
      000314 12r00r00         [24] 1112 	lcall	_analog_read
      000317 12r00r00         [24] 1113 	lcall	_convert_to_percentage
      00031A 85 82*00         [24] 1114 	mov	_convert_PARM_2,dpl
      00031D 90r00r6E         [24] 1115 	mov	dptr,#_main_level_10001_86
      000320 75 F0 00         [24] 1116 	mov	b, #0x00
      000323 12r00r00         [24] 1117 	lcall	_convert
                                   1118 ;	../Firmware/src/main.c:28: DeviceSerialNumber(data);
      000326 90r00r50         [24] 1119 	mov	dptr,#_main_data_10001_86
      000329 75 F0 00         [24] 1120 	mov	b, #0x00
      00032C 12r00r00         [24] 1121 	lcall	_DeviceSerialNumber
                                   1122 ;	../Firmware/src/main.c:29: strcat(url,data);
      00032F 75*00r50         [24] 1123 	mov	_strcat_PARM_2,#_main_data_10001_86
      000332 75*01s00         [24] 1124 	mov	(_strcat_PARM_2 + 1),#(_main_data_10001_86 >> 8)
      000335 75*02 00         [24] 1125 	mov	(_strcat_PARM_2 + 2),#0x00
      000338 90r00r72         [24] 1126 	mov	dptr,#_main_url_10001_86
      00033B 75 F0 00         [24] 1127 	mov	b, #0x00
      00033E 12r00r00         [24] 1128 	lcall	_strcat
                                   1129 ;	../Firmware/src/main.c:30: strcat(url,":");
      000341 75*00r00         [24] 1130 	mov	_strcat_PARM_2,#___str_0
      000344 75*01s00         [24] 1131 	mov	(_strcat_PARM_2 + 1),#(___str_0 >> 8)
      000347 75*02 80         [24] 1132 	mov	(_strcat_PARM_2 + 2),#0x80
      00034A 90r00r72         [24] 1133 	mov	dptr,#_main_url_10001_86
      00034D 75 F0 00         [24] 1134 	mov	b, #0x00
      000350 12r00r00         [24] 1135 	lcall	_strcat
                                   1136 ;	../Firmware/src/main.c:31: strcat(url,level);
      000353 75*00r6E         [24] 1137 	mov	_strcat_PARM_2,#_main_level_10001_86
      000356 75*01s00         [24] 1138 	mov	(_strcat_PARM_2 + 1),#(_main_level_10001_86 >> 8)
      000359 75*02 00         [24] 1139 	mov	(_strcat_PARM_2 + 2),#0x00
      00035C 90r00r72         [24] 1140 	mov	dptr,#_main_url_10001_86
      00035F 75 F0 00         [24] 1141 	mov	b, #0x00
      000362 12r00r00         [24] 1142 	lcall	_strcat
                                   1143 ;	../Firmware/src/main.c:32: strcat(url,";");
      000365 75*00r02         [24] 1144 	mov	_strcat_PARM_2,#___str_1
      000368 75*01s00         [24] 1145 	mov	(_strcat_PARM_2 + 1),#(___str_1 >> 8)
      00036B 75*02 80         [24] 1146 	mov	(_strcat_PARM_2 + 2),#0x80
      00036E 90r00r72         [24] 1147 	mov	dptr,#_main_url_10001_86
      000371 75 F0 00         [24] 1148 	mov	b, #0x00
      000374 12r00r00         [24] 1149 	lcall	_strcat
                                   1150 ;	../Firmware/src/main.c:33: if(wifi_send_command(url,"CONNECT",5) >= 0){
      000377 75*00r04         [24] 1151 	mov	_wifi_send_command_PARM_2,#___str_2
      00037A 75*01s00         [24] 1152 	mov	(_wifi_send_command_PARM_2 + 1),#(___str_2 >> 8)
      00037D 75*02 80         [24] 1153 	mov	(_wifi_send_command_PARM_2 + 2),#0x80
      000380 75*00 05         [24] 1154 	mov	_wifi_send_command_PARM_3,#0x05
      000383 75*01 00         [24] 1155 	mov	(_wifi_send_command_PARM_3 + 1),#0x00
      000386 90r00r72         [24] 1156 	mov	dptr,#_main_url_10001_86
      000389 75 F0 00         [24] 1157 	mov	b, #0x00
      00038C 12r00r00         [24] 1158 	lcall	_wifi_send_command
                                   1159 ;	../Firmware/src/main.c:37: delay(1000);
      00038F 90 03 E8         [24] 1160 	mov	dptr,#0x03e8
      000392 12r00r00         [24] 1161 	lcall	_delay
                                   1162 ;	../Firmware/src/main.c:41: }
      000395 02r02rFF         [24] 1163 	ljmp	00104$
                                   1164 	.area CSEG    (CODE)
                                   1165 	.area CONST   (CODE)
                                   1166 	.area CONST   (CODE)
      000000                       1167 ___str_0:
      000000 3A                    1168 	.ascii ":"
      000001 00                    1169 	.db 0x00
                                   1170 	.area CSEG    (CODE)
                                   1171 	.area CONST   (CODE)
      000002                       1172 ___str_1:
      000002 3B                    1173 	.ascii ";"
      000003 00                    1174 	.db 0x00
                                   1175 	.area CSEG    (CODE)
                                   1176 	.area CONST   (CODE)
      000004                       1177 ___str_2:
      000004 43 4F 4E 4E 45 43 54  1178 	.ascii "CONNECT"
      00000B 00                    1179 	.db 0x00
                                   1180 	.area CSEG    (CODE)
                                   1181 	.area XINIT   (CODE)
                                   1182 	.area CABS    (ABS,CODE)
