                                      1 ;--------------------------------------------------------
                                      2 ; File Created by SDCC : free open source ISO C Compiler 
                                      3 ; Version 4.4.0 #14620 (Mac OS X x86_64)
                                      4 ;--------------------------------------------------------
                                      5 	.module WiFi_Module
                                      6 	.optsdcc -mmcs51 --model-small
                                      7 	
                                      8 ;--------------------------------------------------------
                                      9 ; Public variables in this module
                                     10 ;--------------------------------------------------------
                                     11 	.globl _echo_find
                                     12 	.globl _search_str
                                     13 	.globl _uart0_read_string_until
                                     14 	.globl _uart0_println
                                     15 	.globl _strlen
                                     16 	.globl _UIF_BUS_RST
                                     17 	.globl _UIF_TRANSFER
                                     18 	.globl _UIF_SUSPEND
                                     19 	.globl _UIF_FIFO_OV
                                     20 	.globl _U_SIE_FREE
                                     21 	.globl _U_TOG_OK
                                     22 	.globl _U_IS_NAK
                                     23 	.globl _ADC_CHAN0
                                     24 	.globl _ADC_CHAN1
                                     25 	.globl _CMP_CHAN
                                     26 	.globl _ADC_START
                                     27 	.globl _ADC_IF
                                     28 	.globl _CMP_IF
                                     29 	.globl _CMPO
                                     30 	.globl _U1RI
                                     31 	.globl _U1TI
                                     32 	.globl _U1RB8
                                     33 	.globl _U1TB8
                                     34 	.globl _U1REN
                                     35 	.globl _U1SMOD
                                     36 	.globl _U1SM0
                                     37 	.globl _S0_R_FIFO
                                     38 	.globl _S0_T_FIFO
                                     39 	.globl _S0_FREE
                                     40 	.globl _S0_IF_BYTE
                                     41 	.globl _S0_IF_FIRST
                                     42 	.globl _S0_IF_OV
                                     43 	.globl _S0_FST_ACT
                                     44 	.globl _CP_RL2
                                     45 	.globl _C_T2
                                     46 	.globl _TR2
                                     47 	.globl _EXEN2
                                     48 	.globl _TCLK
                                     49 	.globl _RCLK
                                     50 	.globl _EXF2
                                     51 	.globl _CAP1F
                                     52 	.globl _TF2
                                     53 	.globl _RI
                                     54 	.globl _TI
                                     55 	.globl _RB8
                                     56 	.globl _TB8
                                     57 	.globl _REN
                                     58 	.globl _SM2
                                     59 	.globl _SM1
                                     60 	.globl _SM0
                                     61 	.globl _IT0
                                     62 	.globl _IE0
                                     63 	.globl _IT1
                                     64 	.globl _IE1
                                     65 	.globl _TR0
                                     66 	.globl _TF0
                                     67 	.globl _TR1
                                     68 	.globl _TF1
                                     69 	.globl _RXD
                                     70 	.globl _PWM1_
                                     71 	.globl _TXD
                                     72 	.globl _PWM2_
                                     73 	.globl _AIN3
                                     74 	.globl _VBUS1
                                     75 	.globl _INT0
                                     76 	.globl _TXD1_
                                     77 	.globl _INT1
                                     78 	.globl _T0
                                     79 	.globl _RXD1_
                                     80 	.globl _PWM2
                                     81 	.globl _T1
                                     82 	.globl _UDP
                                     83 	.globl _UDM
                                     84 	.globl _TIN0
                                     85 	.globl _CAP1
                                     86 	.globl _T2
                                     87 	.globl _AIN0
                                     88 	.globl _VBUS2
                                     89 	.globl _TIN1
                                     90 	.globl _CAP2
                                     91 	.globl _T2EX
                                     92 	.globl _RXD_
                                     93 	.globl _TXD_
                                     94 	.globl _AIN1
                                     95 	.globl _UCC1
                                     96 	.globl _TIN2
                                     97 	.globl _SCS
                                     98 	.globl _CAP1_
                                     99 	.globl _T2_
                                    100 	.globl _AIN2
                                    101 	.globl _UCC2
                                    102 	.globl _TIN3
                                    103 	.globl _PWM1
                                    104 	.globl _MOSI
                                    105 	.globl _TIN4
                                    106 	.globl _RXD1
                                    107 	.globl _MISO
                                    108 	.globl _TIN5
                                    109 	.globl _TXD1
                                    110 	.globl _SCK
                                    111 	.globl _IE_SPI0
                                    112 	.globl _IE_TKEY
                                    113 	.globl _IE_USB
                                    114 	.globl _IE_ADC
                                    115 	.globl _IE_UART1
                                    116 	.globl _IE_PWMX
                                    117 	.globl _IE_GPIO
                                    118 	.globl _IE_WDOG
                                    119 	.globl _PX0
                                    120 	.globl _PT0
                                    121 	.globl _PX1
                                    122 	.globl _PT1
                                    123 	.globl _PS
                                    124 	.globl _PT2
                                    125 	.globl _PL_FLAG
                                    126 	.globl _PH_FLAG
                                    127 	.globl _EX0
                                    128 	.globl _ET0
                                    129 	.globl _EX1
                                    130 	.globl _ET1
                                    131 	.globl _ES
                                    132 	.globl _ET2
                                    133 	.globl _E_DIS
                                    134 	.globl _EA
                                    135 	.globl _P
                                    136 	.globl _F1
                                    137 	.globl _OV
                                    138 	.globl _RS0
                                    139 	.globl _RS1
                                    140 	.globl _F0
                                    141 	.globl _AC
                                    142 	.globl _CY
                                    143 	.globl _UEP1_DMA_H
                                    144 	.globl _UEP1_DMA_L
                                    145 	.globl _UEP1_DMA
                                    146 	.globl _UEP0_DMA_H
                                    147 	.globl _UEP0_DMA_L
                                    148 	.globl _UEP0_DMA
                                    149 	.globl _UEP2_3_MOD
                                    150 	.globl _UEP4_1_MOD
                                    151 	.globl _UEP3_DMA_H
                                    152 	.globl _UEP3_DMA_L
                                    153 	.globl _UEP3_DMA
                                    154 	.globl _UEP2_DMA_H
                                    155 	.globl _UEP2_DMA_L
                                    156 	.globl _UEP2_DMA
                                    157 	.globl _USB_DEV_AD
                                    158 	.globl _USB_CTRL
                                    159 	.globl _USB_INT_EN
                                    160 	.globl _UEP4_T_LEN
                                    161 	.globl _UEP4_CTRL
                                    162 	.globl _UEP0_T_LEN
                                    163 	.globl _UEP0_CTRL
                                    164 	.globl _USB_RX_LEN
                                    165 	.globl _USB_MIS_ST
                                    166 	.globl _USB_INT_ST
                                    167 	.globl _USB_INT_FG
                                    168 	.globl _UEP3_T_LEN
                                    169 	.globl _UEP3_CTRL
                                    170 	.globl _UEP2_T_LEN
                                    171 	.globl _UEP2_CTRL
                                    172 	.globl _UEP1_T_LEN
                                    173 	.globl _UEP1_CTRL
                                    174 	.globl _UDEV_CTRL
                                    175 	.globl _USB_C_CTRL
                                    176 	.globl _TKEY_DATH
                                    177 	.globl _TKEY_DATL
                                    178 	.globl _TKEY_DAT
                                    179 	.globl _TKEY_CTRL
                                    180 	.globl _ADC_DATA
                                    181 	.globl _ADC_CFG
                                    182 	.globl _ADC_CTRL
                                    183 	.globl _SBAUD1
                                    184 	.globl _SBUF1
                                    185 	.globl _SCON1
                                    186 	.globl _SPI0_SETUP
                                    187 	.globl _SPI0_CK_SE
                                    188 	.globl _SPI0_CTRL
                                    189 	.globl _SPI0_DATA
                                    190 	.globl _SPI0_STAT
                                    191 	.globl _PWM_CK_SE
                                    192 	.globl _PWM_CTRL
                                    193 	.globl _PWM_DATA1
                                    194 	.globl _PWM_DATA2
                                    195 	.globl _T2CAP1H
                                    196 	.globl _T2CAP1L
                                    197 	.globl _T2CAP1
                                    198 	.globl _TH2
                                    199 	.globl _TL2
                                    200 	.globl _T2COUNT
                                    201 	.globl _RCAP2H
                                    202 	.globl _RCAP2L
                                    203 	.globl _RCAP2
                                    204 	.globl _T2MOD
                                    205 	.globl _T2CON
                                    206 	.globl _SBUF
                                    207 	.globl _SCON
                                    208 	.globl _TH1
                                    209 	.globl _TH0
                                    210 	.globl _TL1
                                    211 	.globl _TL0
                                    212 	.globl _TMOD
                                    213 	.globl _TCON
                                    214 	.globl _XBUS_AUX
                                    215 	.globl _PIN_FUNC
                                    216 	.globl _P3_DIR_PU
                                    217 	.globl _P3_MOD_OC
                                    218 	.globl _P3
                                    219 	.globl _P2
                                    220 	.globl _P1_DIR_PU
                                    221 	.globl _P1_MOD_OC
                                    222 	.globl _P1
                                    223 	.globl _ROM_CTRL
                                    224 	.globl _ROM_DATA_H
                                    225 	.globl _ROM_DATA_L
                                    226 	.globl _ROM_DATA
                                    227 	.globl _ROM_ADDR_H
                                    228 	.globl _ROM_ADDR_L
                                    229 	.globl _ROM_ADDR
                                    230 	.globl _GPIO_IE
                                    231 	.globl _IP_EX
                                    232 	.globl _IE_EX
                                    233 	.globl _IP
                                    234 	.globl _IE
                                    235 	.globl _WDOG_COUNT
                                    236 	.globl _RESET_KEEP
                                    237 	.globl _WAKE_CTRL
                                    238 	.globl _CLOCK_CFG
                                    239 	.globl _PCON
                                    240 	.globl _GLOBAL_CFG
                                    241 	.globl _SAFE_MOD
                                    242 	.globl _DPH
                                    243 	.globl _DPL
                                    244 	.globl _SP
                                    245 	.globl _B
                                    246 	.globl _ACC
                                    247 	.globl _PSW
                                    248 	.globl _pwd
                                    249 	.globl _ssid
                                    250 	.globl _instruction
                                    251 	.globl _wifi_send_command_PARM_3
                                    252 	.globl _wifi_send_command_PARM_2
                                    253 	.globl _echo_find_PARM_2
                                    254 	.globl _wifi_send_command
                                    255 ;--------------------------------------------------------
                                    256 ; special function registers
                                    257 ;--------------------------------------------------------
                                    258 	.area RSEG    (ABS,DATA)
      000000                        259 	.org 0x0000
                           0000D0   260 _PSW	=	0x00d0
                           0000E0   261 _ACC	=	0x00e0
                           0000F0   262 _B	=	0x00f0
                           000081   263 _SP	=	0x0081
                           000082   264 _DPL	=	0x0082
                           000083   265 _DPH	=	0x0083
                           0000A1   266 _SAFE_MOD	=	0x00a1
                           0000B1   267 _GLOBAL_CFG	=	0x00b1
                           000087   268 _PCON	=	0x0087
                           0000B9   269 _CLOCK_CFG	=	0x00b9
                           0000A9   270 _WAKE_CTRL	=	0x00a9
                           0000FE   271 _RESET_KEEP	=	0x00fe
                           0000FF   272 _WDOG_COUNT	=	0x00ff
                           0000A8   273 _IE	=	0x00a8
                           0000B8   274 _IP	=	0x00b8
                           0000E8   275 _IE_EX	=	0x00e8
                           0000E9   276 _IP_EX	=	0x00e9
                           0000C7   277 _GPIO_IE	=	0x00c7
                           008584   278 _ROM_ADDR	=	0x8584
                           000084   279 _ROM_ADDR_L	=	0x0084
                           000085   280 _ROM_ADDR_H	=	0x0085
                           008F8E   281 _ROM_DATA	=	0x8f8e
                           00008E   282 _ROM_DATA_L	=	0x008e
                           00008F   283 _ROM_DATA_H	=	0x008f
                           000086   284 _ROM_CTRL	=	0x0086
                           000090   285 _P1	=	0x0090
                           000092   286 _P1_MOD_OC	=	0x0092
                           000093   287 _P1_DIR_PU	=	0x0093
                           0000A0   288 _P2	=	0x00a0
                           0000B0   289 _P3	=	0x00b0
                           000096   290 _P3_MOD_OC	=	0x0096
                           000097   291 _P3_DIR_PU	=	0x0097
                           0000C6   292 _PIN_FUNC	=	0x00c6
                           0000A2   293 _XBUS_AUX	=	0x00a2
                           000088   294 _TCON	=	0x0088
                           000089   295 _TMOD	=	0x0089
                           00008A   296 _TL0	=	0x008a
                           00008B   297 _TL1	=	0x008b
                           00008C   298 _TH0	=	0x008c
                           00008D   299 _TH1	=	0x008d
                           000098   300 _SCON	=	0x0098
                           000099   301 _SBUF	=	0x0099
                           0000C8   302 _T2CON	=	0x00c8
                           0000C9   303 _T2MOD	=	0x00c9
                           00CBCA   304 _RCAP2	=	0xcbca
                           0000CA   305 _RCAP2L	=	0x00ca
                           0000CB   306 _RCAP2H	=	0x00cb
                           00CDCC   307 _T2COUNT	=	0xcdcc
                           0000CC   308 _TL2	=	0x00cc
                           0000CD   309 _TH2	=	0x00cd
                           00CFCE   310 _T2CAP1	=	0xcfce
                           0000CE   311 _T2CAP1L	=	0x00ce
                           0000CF   312 _T2CAP1H	=	0x00cf
                           00009B   313 _PWM_DATA2	=	0x009b
                           00009C   314 _PWM_DATA1	=	0x009c
                           00009D   315 _PWM_CTRL	=	0x009d
                           00009E   316 _PWM_CK_SE	=	0x009e
                           0000F8   317 _SPI0_STAT	=	0x00f8
                           0000F9   318 _SPI0_DATA	=	0x00f9
                           0000FA   319 _SPI0_CTRL	=	0x00fa
                           0000FB   320 _SPI0_CK_SE	=	0x00fb
                           0000FC   321 _SPI0_SETUP	=	0x00fc
                           0000C0   322 _SCON1	=	0x00c0
                           0000C1   323 _SBUF1	=	0x00c1
                           0000C2   324 _SBAUD1	=	0x00c2
                           000080   325 _ADC_CTRL	=	0x0080
                           00009A   326 _ADC_CFG	=	0x009a
                           00009F   327 _ADC_DATA	=	0x009f
                           0000C3   328 _TKEY_CTRL	=	0x00c3
                           00C5C4   329 _TKEY_DAT	=	0xc5c4
                           0000C4   330 _TKEY_DATL	=	0x00c4
                           0000C5   331 _TKEY_DATH	=	0x00c5
                           000091   332 _USB_C_CTRL	=	0x0091
                           0000D1   333 _UDEV_CTRL	=	0x00d1
                           0000D2   334 _UEP1_CTRL	=	0x00d2
                           0000D3   335 _UEP1_T_LEN	=	0x00d3
                           0000D4   336 _UEP2_CTRL	=	0x00d4
                           0000D5   337 _UEP2_T_LEN	=	0x00d5
                           0000D6   338 _UEP3_CTRL	=	0x00d6
                           0000D7   339 _UEP3_T_LEN	=	0x00d7
                           0000D8   340 _USB_INT_FG	=	0x00d8
                           0000D9   341 _USB_INT_ST	=	0x00d9
                           0000DA   342 _USB_MIS_ST	=	0x00da
                           0000DB   343 _USB_RX_LEN	=	0x00db
                           0000DC   344 _UEP0_CTRL	=	0x00dc
                           0000DD   345 _UEP0_T_LEN	=	0x00dd
                           0000DE   346 _UEP4_CTRL	=	0x00de
                           0000DF   347 _UEP4_T_LEN	=	0x00df
                           0000E1   348 _USB_INT_EN	=	0x00e1
                           0000E2   349 _USB_CTRL	=	0x00e2
                           0000E3   350 _USB_DEV_AD	=	0x00e3
                           00E5E4   351 _UEP2_DMA	=	0xe5e4
                           0000E4   352 _UEP2_DMA_L	=	0x00e4
                           0000E5   353 _UEP2_DMA_H	=	0x00e5
                           00E7E6   354 _UEP3_DMA	=	0xe7e6
                           0000E6   355 _UEP3_DMA_L	=	0x00e6
                           0000E7   356 _UEP3_DMA_H	=	0x00e7
                           0000EA   357 _UEP4_1_MOD	=	0x00ea
                           0000EB   358 _UEP2_3_MOD	=	0x00eb
                           00EDEC   359 _UEP0_DMA	=	0xedec
                           0000EC   360 _UEP0_DMA_L	=	0x00ec
                           0000ED   361 _UEP0_DMA_H	=	0x00ed
                           00EFEE   362 _UEP1_DMA	=	0xefee
                           0000EE   363 _UEP1_DMA_L	=	0x00ee
                           0000EF   364 _UEP1_DMA_H	=	0x00ef
                                    365 ;--------------------------------------------------------
                                    366 ; special function bits
                                    367 ;--------------------------------------------------------
                                    368 	.area RSEG    (ABS,DATA)
      000000                        369 	.org 0x0000
                           0000D7   370 _CY	=	0x00d7
                           0000D6   371 _AC	=	0x00d6
                           0000D5   372 _F0	=	0x00d5
                           0000D4   373 _RS1	=	0x00d4
                           0000D3   374 _RS0	=	0x00d3
                           0000D2   375 _OV	=	0x00d2
                           0000D1   376 _F1	=	0x00d1
                           0000D0   377 _P	=	0x00d0
                           0000AF   378 _EA	=	0x00af
                           0000AE   379 _E_DIS	=	0x00ae
                           0000AD   380 _ET2	=	0x00ad
                           0000AC   381 _ES	=	0x00ac
                           0000AB   382 _ET1	=	0x00ab
                           0000AA   383 _EX1	=	0x00aa
                           0000A9   384 _ET0	=	0x00a9
                           0000A8   385 _EX0	=	0x00a8
                           0000BF   386 _PH_FLAG	=	0x00bf
                           0000BE   387 _PL_FLAG	=	0x00be
                           0000BD   388 _PT2	=	0x00bd
                           0000BC   389 _PS	=	0x00bc
                           0000BB   390 _PT1	=	0x00bb
                           0000BA   391 _PX1	=	0x00ba
                           0000B9   392 _PT0	=	0x00b9
                           0000B8   393 _PX0	=	0x00b8
                           0000EF   394 _IE_WDOG	=	0x00ef
                           0000EE   395 _IE_GPIO	=	0x00ee
                           0000ED   396 _IE_PWMX	=	0x00ed
                           0000EC   397 _IE_UART1	=	0x00ec
                           0000EB   398 _IE_ADC	=	0x00eb
                           0000EA   399 _IE_USB	=	0x00ea
                           0000E9   400 _IE_TKEY	=	0x00e9
                           0000E8   401 _IE_SPI0	=	0x00e8
                           000097   402 _SCK	=	0x0097
                           000097   403 _TXD1	=	0x0097
                           000097   404 _TIN5	=	0x0097
                           000096   405 _MISO	=	0x0096
                           000096   406 _RXD1	=	0x0096
                           000096   407 _TIN4	=	0x0096
                           000095   408 _MOSI	=	0x0095
                           000095   409 _PWM1	=	0x0095
                           000095   410 _TIN3	=	0x0095
                           000095   411 _UCC2	=	0x0095
                           000095   412 _AIN2	=	0x0095
                           000094   413 _T2_	=	0x0094
                           000094   414 _CAP1_	=	0x0094
                           000094   415 _SCS	=	0x0094
                           000094   416 _TIN2	=	0x0094
                           000094   417 _UCC1	=	0x0094
                           000094   418 _AIN1	=	0x0094
                           000093   419 _TXD_	=	0x0093
                           000092   420 _RXD_	=	0x0092
                           000091   421 _T2EX	=	0x0091
                           000091   422 _CAP2	=	0x0091
                           000091   423 _TIN1	=	0x0091
                           000091   424 _VBUS2	=	0x0091
                           000091   425 _AIN0	=	0x0091
                           000090   426 _T2	=	0x0090
                           000090   427 _CAP1	=	0x0090
                           000090   428 _TIN0	=	0x0090
                           0000B7   429 _UDM	=	0x00b7
                           0000B6   430 _UDP	=	0x00b6
                           0000B5   431 _T1	=	0x00b5
                           0000B4   432 _PWM2	=	0x00b4
                           0000B4   433 _RXD1_	=	0x00b4
                           0000B4   434 _T0	=	0x00b4
                           0000B3   435 _INT1	=	0x00b3
                           0000B2   436 _TXD1_	=	0x00b2
                           0000B2   437 _INT0	=	0x00b2
                           0000B2   438 _VBUS1	=	0x00b2
                           0000B2   439 _AIN3	=	0x00b2
                           0000B1   440 _PWM2_	=	0x00b1
                           0000B1   441 _TXD	=	0x00b1
                           0000B0   442 _PWM1_	=	0x00b0
                           0000B0   443 _RXD	=	0x00b0
                           00008F   444 _TF1	=	0x008f
                           00008E   445 _TR1	=	0x008e
                           00008D   446 _TF0	=	0x008d
                           00008C   447 _TR0	=	0x008c
                           00008B   448 _IE1	=	0x008b
                           00008A   449 _IT1	=	0x008a
                           000089   450 _IE0	=	0x0089
                           000088   451 _IT0	=	0x0088
                           00009F   452 _SM0	=	0x009f
                           00009E   453 _SM1	=	0x009e
                           00009D   454 _SM2	=	0x009d
                           00009C   455 _REN	=	0x009c
                           00009B   456 _TB8	=	0x009b
                           00009A   457 _RB8	=	0x009a
                           000099   458 _TI	=	0x0099
                           000098   459 _RI	=	0x0098
                           0000CF   460 _TF2	=	0x00cf
                           0000CF   461 _CAP1F	=	0x00cf
                           0000CE   462 _EXF2	=	0x00ce
                           0000CD   463 _RCLK	=	0x00cd
                           0000CC   464 _TCLK	=	0x00cc
                           0000CB   465 _EXEN2	=	0x00cb
                           0000CA   466 _TR2	=	0x00ca
                           0000C9   467 _C_T2	=	0x00c9
                           0000C8   468 _CP_RL2	=	0x00c8
                           0000FF   469 _S0_FST_ACT	=	0x00ff
                           0000FE   470 _S0_IF_OV	=	0x00fe
                           0000FD   471 _S0_IF_FIRST	=	0x00fd
                           0000FC   472 _S0_IF_BYTE	=	0x00fc
                           0000FB   473 _S0_FREE	=	0x00fb
                           0000FA   474 _S0_T_FIFO	=	0x00fa
                           0000F8   475 _S0_R_FIFO	=	0x00f8
                           0000C7   476 _U1SM0	=	0x00c7
                           0000C5   477 _U1SMOD	=	0x00c5
                           0000C4   478 _U1REN	=	0x00c4
                           0000C3   479 _U1TB8	=	0x00c3
                           0000C2   480 _U1RB8	=	0x00c2
                           0000C1   481 _U1TI	=	0x00c1
                           0000C0   482 _U1RI	=	0x00c0
                           000087   483 _CMPO	=	0x0087
                           000086   484 _CMP_IF	=	0x0086
                           000085   485 _ADC_IF	=	0x0085
                           000084   486 _ADC_START	=	0x0084
                           000083   487 _CMP_CHAN	=	0x0083
                           000081   488 _ADC_CHAN1	=	0x0081
                           000080   489 _ADC_CHAN0	=	0x0080
                           0000DF   490 _U_IS_NAK	=	0x00df
                           0000DE   491 _U_TOG_OK	=	0x00de
                           0000DD   492 _U_SIE_FREE	=	0x00dd
                           0000DC   493 _UIF_FIFO_OV	=	0x00dc
                           0000DA   494 _UIF_SUSPEND	=	0x00da
                           0000D9   495 _UIF_TRANSFER	=	0x00d9
                           0000D8   496 _UIF_BUS_RST	=	0x00d8
                                    497 ;--------------------------------------------------------
                                    498 ; overlayable register banks
                                    499 ;--------------------------------------------------------
                                    500 	.area REG_BANK_0	(REL,OVR,DATA)
      000000                        501 	.ds 8
                                    502 ;--------------------------------------------------------
                                    503 ; internal ram data
                                    504 ;--------------------------------------------------------
                                    505 	.area DSEG    (DATA)
      000000                        506 _echo_find_PARM_2:
      000000                        507 	.ds 2
      000002                        508 _wifi_send_command_PARM_2:
      000002                        509 	.ds 3
      000005                        510 _wifi_send_command_PARM_3:
      000005                        511 	.ds 2
                                    512 ;--------------------------------------------------------
                                    513 ; overlayable items in internal ram
                                    514 ;--------------------------------------------------------
                                    515 ;--------------------------------------------------------
                                    516 ; indirectly addressable internal ram data
                                    517 ;--------------------------------------------------------
                                    518 	.area ISEG    (DATA)
                                    519 ;--------------------------------------------------------
                                    520 ; absolute internal ram data
                                    521 ;--------------------------------------------------------
                                    522 	.area IABS    (ABS,DATA)
                                    523 	.area IABS    (ABS,DATA)
                                    524 ;--------------------------------------------------------
                                    525 ; bit data
                                    526 ;--------------------------------------------------------
                                    527 	.area BSEG    (BIT)
                                    528 ;--------------------------------------------------------
                                    529 ; paged external ram data
                                    530 ;--------------------------------------------------------
                                    531 	.area PSEG    (PAG,XDATA)
                                    532 ;--------------------------------------------------------
                                    533 ; uninitialized external ram data
                                    534 ;--------------------------------------------------------
                                    535 	.area XSEG    (XDATA)
      000000                        536 _instruction::
      000000                        537 	.ds 50
      000032                        538 _ssid::
      000032                        539 	.ds 15
      000041                        540 _pwd::
      000041                        541 	.ds 15
      000050                        542 _echo_find_received_10000_82:
      000050                        543 	.ds 255
                                    544 ;--------------------------------------------------------
                                    545 ; absolute external ram data
                                    546 ;--------------------------------------------------------
                                    547 	.area XABS    (ABS,XDATA)
                                    548 ;--------------------------------------------------------
                                    549 ; initialized external ram data
                                    550 ;--------------------------------------------------------
                                    551 	.area XISEG   (XDATA)
                                    552 	.area HOME    (CODE)
                                    553 	.area GSINIT0 (CODE)
                                    554 	.area GSINIT1 (CODE)
                                    555 	.area GSINIT2 (CODE)
                                    556 	.area GSINIT3 (CODE)
                                    557 	.area GSINIT4 (CODE)
                                    558 	.area GSINIT5 (CODE)
                                    559 	.area GSINIT  (CODE)
                                    560 	.area GSFINAL (CODE)
                                    561 	.area CSEG    (CODE)
                                    562 ;--------------------------------------------------------
                                    563 ; global & static initialisations
                                    564 ;--------------------------------------------------------
                                    565 	.area HOME    (CODE)
                                    566 	.area GSINIT  (CODE)
                                    567 	.area GSFINAL (CODE)
                                    568 	.area GSINIT  (CODE)
                                    569 ;--------------------------------------------------------
                                    570 ; Home
                                    571 ;--------------------------------------------------------
                                    572 	.area HOME    (CODE)
                                    573 	.area HOME    (CODE)
                                    574 ;--------------------------------------------------------
                                    575 ; code
                                    576 ;--------------------------------------------------------
                                    577 	.area CSEG    (CODE)
                                    578 ;------------------------------------------------------------
                                    579 ;Allocation info for local variables in function 'echo_find'
                                    580 ;------------------------------------------------------------
                                    581 ;TIMEOUT                   Allocated with name '_echo_find_PARM_2'
                                    582 ;keyword                   Allocated to registers r5 r6 r7 
                                    583 ;ch                        Allocated with name '_echo_find_ch_10000_82'
                                    584 ;current_char              Allocated to registers 
                                    585 ;keyword_length            Allocated to registers 
                                    586 ;received                  Allocated with name '_echo_find_received_10000_82'
                                    587 ;------------------------------------------------------------
                                    588 ;	../Firmware/src/WiFi_Module.c:7: int echo_find(char * keyword, int TIMEOUT){
                                    589 ;	-----------------------------------------
                                    590 ;	 function echo_find
                                    591 ;	-----------------------------------------
      000000                        592 _echo_find:
                           000007   593 	ar7 = 0x07
                           000006   594 	ar6 = 0x06
                           000005   595 	ar5 = 0x05
                           000004   596 	ar4 = 0x04
                           000003   597 	ar3 = 0x03
                           000002   598 	ar2 = 0x02
                           000001   599 	ar1 = 0x01
                           000000   600 	ar0 = 0x00
                                    601 ;	../Firmware/src/WiFi_Module.c:10: UINT8 keyword_length = strlen(keyword);
      000000 AD 82            [24]  602 	mov	r5,dpl
      000002 AE 83            [24]  603 	mov	r6,dph
      000004 AF F0            [24]  604 	mov	r7,b
      000006 C0 07            [24]  605 	push	ar7
      000008 C0 06            [24]  606 	push	ar6
      00000A C0 05            [24]  607 	push	ar5
      00000C 12r00r00         [24]  608 	lcall	_strlen
                                    609 ;	../Firmware/src/WiFi_Module.c:11: __xdata unsigned char received[255] = {0};
      00000F 90r00r50         [24]  610 	mov	dptr,#_echo_find_received_10000_82
      000012 E4               [12]  611 	clr	a
      000013 F0               [24]  612 	movx	@dptr,a
      000014 90r00r51         [24]  613 	mov	dptr,#(_echo_find_received_10000_82 + 0x0001)
      000017 F0               [24]  614 	movx	@dptr,a
      000018 90r00r52         [24]  615 	mov	dptr,#(_echo_find_received_10000_82 + 0x0002)
      00001B F0               [24]  616 	movx	@dptr,a
      00001C 90r00r53         [24]  617 	mov	dptr,#(_echo_find_received_10000_82 + 0x0003)
      00001F F0               [24]  618 	movx	@dptr,a
      000020 90r00r54         [24]  619 	mov	dptr,#(_echo_find_received_10000_82 + 0x0004)
      000023 F0               [24]  620 	movx	@dptr,a
      000024 90r00r55         [24]  621 	mov	dptr,#(_echo_find_received_10000_82 + 0x0005)
      000027 F0               [24]  622 	movx	@dptr,a
      000028 90r00r56         [24]  623 	mov	dptr,#(_echo_find_received_10000_82 + 0x0006)
      00002B F0               [24]  624 	movx	@dptr,a
      00002C 90r00r57         [24]  625 	mov	dptr,#(_echo_find_received_10000_82 + 0x0007)
      00002F F0               [24]  626 	movx	@dptr,a
      000030 90r00r58         [24]  627 	mov	dptr,#(_echo_find_received_10000_82 + 0x0008)
      000033 F0               [24]  628 	movx	@dptr,a
      000034 90r00r59         [24]  629 	mov	dptr,#(_echo_find_received_10000_82 + 0x0009)
      000037 F0               [24]  630 	movx	@dptr,a
      000038 90r00r5A         [24]  631 	mov	dptr,#(_echo_find_received_10000_82 + 0x000a)
      00003B F0               [24]  632 	movx	@dptr,a
      00003C 90r00r5B         [24]  633 	mov	dptr,#(_echo_find_received_10000_82 + 0x000b)
      00003F F0               [24]  634 	movx	@dptr,a
      000040 90r00r5C         [24]  635 	mov	dptr,#(_echo_find_received_10000_82 + 0x000c)
      000043 F0               [24]  636 	movx	@dptr,a
      000044 90r00r5D         [24]  637 	mov	dptr,#(_echo_find_received_10000_82 + 0x000d)
      000047 F0               [24]  638 	movx	@dptr,a
      000048 90r00r5E         [24]  639 	mov	dptr,#(_echo_find_received_10000_82 + 0x000e)
      00004B F0               [24]  640 	movx	@dptr,a
      00004C 90r00r5F         [24]  641 	mov	dptr,#(_echo_find_received_10000_82 + 0x000f)
      00004F F0               [24]  642 	movx	@dptr,a
      000050 90r00r60         [24]  643 	mov	dptr,#(_echo_find_received_10000_82 + 0x0010)
      000053 F0               [24]  644 	movx	@dptr,a
      000054 90r00r61         [24]  645 	mov	dptr,#(_echo_find_received_10000_82 + 0x0011)
      000057 F0               [24]  646 	movx	@dptr,a
      000058 90r00r62         [24]  647 	mov	dptr,#(_echo_find_received_10000_82 + 0x0012)
      00005B F0               [24]  648 	movx	@dptr,a
      00005C 90r00r63         [24]  649 	mov	dptr,#(_echo_find_received_10000_82 + 0x0013)
      00005F F0               [24]  650 	movx	@dptr,a
      000060 90r00r64         [24]  651 	mov	dptr,#(_echo_find_received_10000_82 + 0x0014)
      000063 F0               [24]  652 	movx	@dptr,a
      000064 90r00r65         [24]  653 	mov	dptr,#(_echo_find_received_10000_82 + 0x0015)
      000067 F0               [24]  654 	movx	@dptr,a
      000068 90r00r66         [24]  655 	mov	dptr,#(_echo_find_received_10000_82 + 0x0016)
      00006B F0               [24]  656 	movx	@dptr,a
      00006C 90r00r67         [24]  657 	mov	dptr,#(_echo_find_received_10000_82 + 0x0017)
      00006F F0               [24]  658 	movx	@dptr,a
      000070 90r00r68         [24]  659 	mov	dptr,#(_echo_find_received_10000_82 + 0x0018)
      000073 F0               [24]  660 	movx	@dptr,a
      000074 90r00r69         [24]  661 	mov	dptr,#(_echo_find_received_10000_82 + 0x0019)
      000077 F0               [24]  662 	movx	@dptr,a
      000078 90r00r6A         [24]  663 	mov	dptr,#(_echo_find_received_10000_82 + 0x001a)
      00007B F0               [24]  664 	movx	@dptr,a
      00007C 90r00r6B         [24]  665 	mov	dptr,#(_echo_find_received_10000_82 + 0x001b)
      00007F F0               [24]  666 	movx	@dptr,a
      000080 90r00r6C         [24]  667 	mov	dptr,#(_echo_find_received_10000_82 + 0x001c)
      000083 F0               [24]  668 	movx	@dptr,a
      000084 90r00r6D         [24]  669 	mov	dptr,#(_echo_find_received_10000_82 + 0x001d)
      000087 F0               [24]  670 	movx	@dptr,a
      000088 90r00r6E         [24]  671 	mov	dptr,#(_echo_find_received_10000_82 + 0x001e)
      00008B F0               [24]  672 	movx	@dptr,a
      00008C 90r00r6F         [24]  673 	mov	dptr,#(_echo_find_received_10000_82 + 0x001f)
      00008F F0               [24]  674 	movx	@dptr,a
      000090 90r00r70         [24]  675 	mov	dptr,#(_echo_find_received_10000_82 + 0x0020)
      000093 F0               [24]  676 	movx	@dptr,a
      000094 90r00r71         [24]  677 	mov	dptr,#(_echo_find_received_10000_82 + 0x0021)
      000097 F0               [24]  678 	movx	@dptr,a
      000098 90r00r72         [24]  679 	mov	dptr,#(_echo_find_received_10000_82 + 0x0022)
      00009B F0               [24]  680 	movx	@dptr,a
      00009C 90r00r73         [24]  681 	mov	dptr,#(_echo_find_received_10000_82 + 0x0023)
      00009F F0               [24]  682 	movx	@dptr,a
      0000A0 90r00r74         [24]  683 	mov	dptr,#(_echo_find_received_10000_82 + 0x0024)
      0000A3 F0               [24]  684 	movx	@dptr,a
      0000A4 90r00r75         [24]  685 	mov	dptr,#(_echo_find_received_10000_82 + 0x0025)
      0000A7 F0               [24]  686 	movx	@dptr,a
      0000A8 90r00r76         [24]  687 	mov	dptr,#(_echo_find_received_10000_82 + 0x0026)
      0000AB F0               [24]  688 	movx	@dptr,a
      0000AC 90r00r77         [24]  689 	mov	dptr,#(_echo_find_received_10000_82 + 0x0027)
      0000AF F0               [24]  690 	movx	@dptr,a
      0000B0 90r00r78         [24]  691 	mov	dptr,#(_echo_find_received_10000_82 + 0x0028)
      0000B3 F0               [24]  692 	movx	@dptr,a
      0000B4 90r00r79         [24]  693 	mov	dptr,#(_echo_find_received_10000_82 + 0x0029)
      0000B7 F0               [24]  694 	movx	@dptr,a
      0000B8 90r00r7A         [24]  695 	mov	dptr,#(_echo_find_received_10000_82 + 0x002a)
      0000BB F0               [24]  696 	movx	@dptr,a
      0000BC 90r00r7B         [24]  697 	mov	dptr,#(_echo_find_received_10000_82 + 0x002b)
      0000BF F0               [24]  698 	movx	@dptr,a
      0000C0 90r00r7C         [24]  699 	mov	dptr,#(_echo_find_received_10000_82 + 0x002c)
      0000C3 F0               [24]  700 	movx	@dptr,a
      0000C4 90r00r7D         [24]  701 	mov	dptr,#(_echo_find_received_10000_82 + 0x002d)
      0000C7 F0               [24]  702 	movx	@dptr,a
      0000C8 90r00r7E         [24]  703 	mov	dptr,#(_echo_find_received_10000_82 + 0x002e)
      0000CB F0               [24]  704 	movx	@dptr,a
      0000CC 90r00r7F         [24]  705 	mov	dptr,#(_echo_find_received_10000_82 + 0x002f)
      0000CF F0               [24]  706 	movx	@dptr,a
      0000D0 90r00r80         [24]  707 	mov	dptr,#(_echo_find_received_10000_82 + 0x0030)
      0000D3 F0               [24]  708 	movx	@dptr,a
      0000D4 90r00r81         [24]  709 	mov	dptr,#(_echo_find_received_10000_82 + 0x0031)
      0000D7 F0               [24]  710 	movx	@dptr,a
      0000D8 90r00r82         [24]  711 	mov	dptr,#(_echo_find_received_10000_82 + 0x0032)
      0000DB F0               [24]  712 	movx	@dptr,a
      0000DC 90r00r83         [24]  713 	mov	dptr,#(_echo_find_received_10000_82 + 0x0033)
      0000DF F0               [24]  714 	movx	@dptr,a
      0000E0 90r00r84         [24]  715 	mov	dptr,#(_echo_find_received_10000_82 + 0x0034)
      0000E3 F0               [24]  716 	movx	@dptr,a
      0000E4 90r00r85         [24]  717 	mov	dptr,#(_echo_find_received_10000_82 + 0x0035)
      0000E7 F0               [24]  718 	movx	@dptr,a
      0000E8 90r00r86         [24]  719 	mov	dptr,#(_echo_find_received_10000_82 + 0x0036)
      0000EB F0               [24]  720 	movx	@dptr,a
      0000EC 90r00r87         [24]  721 	mov	dptr,#(_echo_find_received_10000_82 + 0x0037)
      0000EF F0               [24]  722 	movx	@dptr,a
      0000F0 90r00r88         [24]  723 	mov	dptr,#(_echo_find_received_10000_82 + 0x0038)
      0000F3 F0               [24]  724 	movx	@dptr,a
      0000F4 90r00r89         [24]  725 	mov	dptr,#(_echo_find_received_10000_82 + 0x0039)
      0000F7 F0               [24]  726 	movx	@dptr,a
      0000F8 90r00r8A         [24]  727 	mov	dptr,#(_echo_find_received_10000_82 + 0x003a)
      0000FB F0               [24]  728 	movx	@dptr,a
      0000FC 90r00r8B         [24]  729 	mov	dptr,#(_echo_find_received_10000_82 + 0x003b)
      0000FF F0               [24]  730 	movx	@dptr,a
      000100 90r00r8C         [24]  731 	mov	dptr,#(_echo_find_received_10000_82 + 0x003c)
      000103 F0               [24]  732 	movx	@dptr,a
      000104 90r00r8D         [24]  733 	mov	dptr,#(_echo_find_received_10000_82 + 0x003d)
      000107 F0               [24]  734 	movx	@dptr,a
      000108 90r00r8E         [24]  735 	mov	dptr,#(_echo_find_received_10000_82 + 0x003e)
      00010B F0               [24]  736 	movx	@dptr,a
      00010C 90r00r8F         [24]  737 	mov	dptr,#(_echo_find_received_10000_82 + 0x003f)
      00010F F0               [24]  738 	movx	@dptr,a
      000110 90r00r90         [24]  739 	mov	dptr,#(_echo_find_received_10000_82 + 0x0040)
      000113 F0               [24]  740 	movx	@dptr,a
      000114 90r00r91         [24]  741 	mov	dptr,#(_echo_find_received_10000_82 + 0x0041)
      000117 F0               [24]  742 	movx	@dptr,a
      000118 90r00r92         [24]  743 	mov	dptr,#(_echo_find_received_10000_82 + 0x0042)
      00011B F0               [24]  744 	movx	@dptr,a
      00011C 90r00r93         [24]  745 	mov	dptr,#(_echo_find_received_10000_82 + 0x0043)
      00011F F0               [24]  746 	movx	@dptr,a
      000120 90r00r94         [24]  747 	mov	dptr,#(_echo_find_received_10000_82 + 0x0044)
      000123 F0               [24]  748 	movx	@dptr,a
      000124 90r00r95         [24]  749 	mov	dptr,#(_echo_find_received_10000_82 + 0x0045)
      000127 F0               [24]  750 	movx	@dptr,a
      000128 90r00r96         [24]  751 	mov	dptr,#(_echo_find_received_10000_82 + 0x0046)
      00012B F0               [24]  752 	movx	@dptr,a
      00012C 90r00r97         [24]  753 	mov	dptr,#(_echo_find_received_10000_82 + 0x0047)
      00012F F0               [24]  754 	movx	@dptr,a
      000130 90r00r98         [24]  755 	mov	dptr,#(_echo_find_received_10000_82 + 0x0048)
      000133 F0               [24]  756 	movx	@dptr,a
      000134 90r00r99         [24]  757 	mov	dptr,#(_echo_find_received_10000_82 + 0x0049)
      000137 F0               [24]  758 	movx	@dptr,a
      000138 90r00r9A         [24]  759 	mov	dptr,#(_echo_find_received_10000_82 + 0x004a)
      00013B F0               [24]  760 	movx	@dptr,a
      00013C 90r00r9B         [24]  761 	mov	dptr,#(_echo_find_received_10000_82 + 0x004b)
      00013F F0               [24]  762 	movx	@dptr,a
      000140 90r00r9C         [24]  763 	mov	dptr,#(_echo_find_received_10000_82 + 0x004c)
      000143 F0               [24]  764 	movx	@dptr,a
      000144 90r00r9D         [24]  765 	mov	dptr,#(_echo_find_received_10000_82 + 0x004d)
      000147 F0               [24]  766 	movx	@dptr,a
      000148 90r00r9E         [24]  767 	mov	dptr,#(_echo_find_received_10000_82 + 0x004e)
      00014B F0               [24]  768 	movx	@dptr,a
      00014C 90r00r9F         [24]  769 	mov	dptr,#(_echo_find_received_10000_82 + 0x004f)
      00014F F0               [24]  770 	movx	@dptr,a
      000150 90r00rA0         [24]  771 	mov	dptr,#(_echo_find_received_10000_82 + 0x0050)
      000153 F0               [24]  772 	movx	@dptr,a
      000154 90r00rA1         [24]  773 	mov	dptr,#(_echo_find_received_10000_82 + 0x0051)
      000157 F0               [24]  774 	movx	@dptr,a
      000158 90r00rA2         [24]  775 	mov	dptr,#(_echo_find_received_10000_82 + 0x0052)
      00015B F0               [24]  776 	movx	@dptr,a
      00015C 90r00rA3         [24]  777 	mov	dptr,#(_echo_find_received_10000_82 + 0x0053)
      00015F F0               [24]  778 	movx	@dptr,a
      000160 90r00rA4         [24]  779 	mov	dptr,#(_echo_find_received_10000_82 + 0x0054)
      000163 F0               [24]  780 	movx	@dptr,a
      000164 90r00rA5         [24]  781 	mov	dptr,#(_echo_find_received_10000_82 + 0x0055)
      000167 F0               [24]  782 	movx	@dptr,a
      000168 90r00rA6         [24]  783 	mov	dptr,#(_echo_find_received_10000_82 + 0x0056)
      00016B F0               [24]  784 	movx	@dptr,a
      00016C 90r00rA7         [24]  785 	mov	dptr,#(_echo_find_received_10000_82 + 0x0057)
      00016F F0               [24]  786 	movx	@dptr,a
      000170 90r00rA8         [24]  787 	mov	dptr,#(_echo_find_received_10000_82 + 0x0058)
      000173 F0               [24]  788 	movx	@dptr,a
      000174 90r00rA9         [24]  789 	mov	dptr,#(_echo_find_received_10000_82 + 0x0059)
      000177 F0               [24]  790 	movx	@dptr,a
      000178 90r00rAA         [24]  791 	mov	dptr,#(_echo_find_received_10000_82 + 0x005a)
      00017B F0               [24]  792 	movx	@dptr,a
      00017C 90r00rAB         [24]  793 	mov	dptr,#(_echo_find_received_10000_82 + 0x005b)
      00017F F0               [24]  794 	movx	@dptr,a
      000180 90r00rAC         [24]  795 	mov	dptr,#(_echo_find_received_10000_82 + 0x005c)
      000183 F0               [24]  796 	movx	@dptr,a
      000184 90r00rAD         [24]  797 	mov	dptr,#(_echo_find_received_10000_82 + 0x005d)
      000187 F0               [24]  798 	movx	@dptr,a
      000188 90r00rAE         [24]  799 	mov	dptr,#(_echo_find_received_10000_82 + 0x005e)
      00018B F0               [24]  800 	movx	@dptr,a
      00018C 90r00rAF         [24]  801 	mov	dptr,#(_echo_find_received_10000_82 + 0x005f)
      00018F F0               [24]  802 	movx	@dptr,a
      000190 90r00rB0         [24]  803 	mov	dptr,#(_echo_find_received_10000_82 + 0x0060)
      000193 F0               [24]  804 	movx	@dptr,a
      000194 90r00rB1         [24]  805 	mov	dptr,#(_echo_find_received_10000_82 + 0x0061)
      000197 F0               [24]  806 	movx	@dptr,a
      000198 90r00rB2         [24]  807 	mov	dptr,#(_echo_find_received_10000_82 + 0x0062)
      00019B F0               [24]  808 	movx	@dptr,a
      00019C 90r00rB3         [24]  809 	mov	dptr,#(_echo_find_received_10000_82 + 0x0063)
      00019F F0               [24]  810 	movx	@dptr,a
      0001A0 90r00rB4         [24]  811 	mov	dptr,#(_echo_find_received_10000_82 + 0x0064)
      0001A3 F0               [24]  812 	movx	@dptr,a
      0001A4 90r00rB5         [24]  813 	mov	dptr,#(_echo_find_received_10000_82 + 0x0065)
      0001A7 F0               [24]  814 	movx	@dptr,a
      0001A8 90r00rB6         [24]  815 	mov	dptr,#(_echo_find_received_10000_82 + 0x0066)
      0001AB F0               [24]  816 	movx	@dptr,a
      0001AC 90r00rB7         [24]  817 	mov	dptr,#(_echo_find_received_10000_82 + 0x0067)
      0001AF F0               [24]  818 	movx	@dptr,a
      0001B0 90r00rB8         [24]  819 	mov	dptr,#(_echo_find_received_10000_82 + 0x0068)
      0001B3 F0               [24]  820 	movx	@dptr,a
      0001B4 90r00rB9         [24]  821 	mov	dptr,#(_echo_find_received_10000_82 + 0x0069)
      0001B7 F0               [24]  822 	movx	@dptr,a
      0001B8 90r00rBA         [24]  823 	mov	dptr,#(_echo_find_received_10000_82 + 0x006a)
      0001BB F0               [24]  824 	movx	@dptr,a
      0001BC 90r00rBB         [24]  825 	mov	dptr,#(_echo_find_received_10000_82 + 0x006b)
      0001BF F0               [24]  826 	movx	@dptr,a
      0001C0 90r00rBC         [24]  827 	mov	dptr,#(_echo_find_received_10000_82 + 0x006c)
      0001C3 F0               [24]  828 	movx	@dptr,a
      0001C4 90r00rBD         [24]  829 	mov	dptr,#(_echo_find_received_10000_82 + 0x006d)
      0001C7 F0               [24]  830 	movx	@dptr,a
      0001C8 90r00rBE         [24]  831 	mov	dptr,#(_echo_find_received_10000_82 + 0x006e)
      0001CB F0               [24]  832 	movx	@dptr,a
      0001CC 90r00rBF         [24]  833 	mov	dptr,#(_echo_find_received_10000_82 + 0x006f)
      0001CF F0               [24]  834 	movx	@dptr,a
      0001D0 90r00rC0         [24]  835 	mov	dptr,#(_echo_find_received_10000_82 + 0x0070)
      0001D3 F0               [24]  836 	movx	@dptr,a
      0001D4 90r00rC1         [24]  837 	mov	dptr,#(_echo_find_received_10000_82 + 0x0071)
      0001D7 F0               [24]  838 	movx	@dptr,a
      0001D8 90r00rC2         [24]  839 	mov	dptr,#(_echo_find_received_10000_82 + 0x0072)
      0001DB F0               [24]  840 	movx	@dptr,a
      0001DC 90r00rC3         [24]  841 	mov	dptr,#(_echo_find_received_10000_82 + 0x0073)
      0001DF F0               [24]  842 	movx	@dptr,a
      0001E0 90r00rC4         [24]  843 	mov	dptr,#(_echo_find_received_10000_82 + 0x0074)
      0001E3 F0               [24]  844 	movx	@dptr,a
      0001E4 90r00rC5         [24]  845 	mov	dptr,#(_echo_find_received_10000_82 + 0x0075)
      0001E7 F0               [24]  846 	movx	@dptr,a
      0001E8 90r00rC6         [24]  847 	mov	dptr,#(_echo_find_received_10000_82 + 0x0076)
      0001EB F0               [24]  848 	movx	@dptr,a
      0001EC 90r00rC7         [24]  849 	mov	dptr,#(_echo_find_received_10000_82 + 0x0077)
      0001EF F0               [24]  850 	movx	@dptr,a
      0001F0 90r00rC8         [24]  851 	mov	dptr,#(_echo_find_received_10000_82 + 0x0078)
      0001F3 F0               [24]  852 	movx	@dptr,a
      0001F4 90r00rC9         [24]  853 	mov	dptr,#(_echo_find_received_10000_82 + 0x0079)
      0001F7 F0               [24]  854 	movx	@dptr,a
      0001F8 90r00rCA         [24]  855 	mov	dptr,#(_echo_find_received_10000_82 + 0x007a)
      0001FB F0               [24]  856 	movx	@dptr,a
      0001FC 90r00rCB         [24]  857 	mov	dptr,#(_echo_find_received_10000_82 + 0x007b)
      0001FF F0               [24]  858 	movx	@dptr,a
      000200 90r00rCC         [24]  859 	mov	dptr,#(_echo_find_received_10000_82 + 0x007c)
      000203 F0               [24]  860 	movx	@dptr,a
      000204 90r00rCD         [24]  861 	mov	dptr,#(_echo_find_received_10000_82 + 0x007d)
      000207 F0               [24]  862 	movx	@dptr,a
      000208 90r00rCE         [24]  863 	mov	dptr,#(_echo_find_received_10000_82 + 0x007e)
      00020B F0               [24]  864 	movx	@dptr,a
      00020C 90r00rCF         [24]  865 	mov	dptr,#(_echo_find_received_10000_82 + 0x007f)
      00020F F0               [24]  866 	movx	@dptr,a
      000210 90r00rD0         [24]  867 	mov	dptr,#(_echo_find_received_10000_82 + 0x0080)
      000213 F0               [24]  868 	movx	@dptr,a
      000214 90r00rD1         [24]  869 	mov	dptr,#(_echo_find_received_10000_82 + 0x0081)
      000217 F0               [24]  870 	movx	@dptr,a
      000218 90r00rD2         [24]  871 	mov	dptr,#(_echo_find_received_10000_82 + 0x0082)
      00021B F0               [24]  872 	movx	@dptr,a
      00021C 90r00rD3         [24]  873 	mov	dptr,#(_echo_find_received_10000_82 + 0x0083)
      00021F F0               [24]  874 	movx	@dptr,a
      000220 90r00rD4         [24]  875 	mov	dptr,#(_echo_find_received_10000_82 + 0x0084)
      000223 F0               [24]  876 	movx	@dptr,a
      000224 90r00rD5         [24]  877 	mov	dptr,#(_echo_find_received_10000_82 + 0x0085)
      000227 F0               [24]  878 	movx	@dptr,a
      000228 90r00rD6         [24]  879 	mov	dptr,#(_echo_find_received_10000_82 + 0x0086)
      00022B F0               [24]  880 	movx	@dptr,a
      00022C 90r00rD7         [24]  881 	mov	dptr,#(_echo_find_received_10000_82 + 0x0087)
      00022F F0               [24]  882 	movx	@dptr,a
      000230 90r00rD8         [24]  883 	mov	dptr,#(_echo_find_received_10000_82 + 0x0088)
      000233 F0               [24]  884 	movx	@dptr,a
      000234 90r00rD9         [24]  885 	mov	dptr,#(_echo_find_received_10000_82 + 0x0089)
      000237 F0               [24]  886 	movx	@dptr,a
      000238 90r00rDA         [24]  887 	mov	dptr,#(_echo_find_received_10000_82 + 0x008a)
      00023B F0               [24]  888 	movx	@dptr,a
      00023C 90r00rDB         [24]  889 	mov	dptr,#(_echo_find_received_10000_82 + 0x008b)
      00023F F0               [24]  890 	movx	@dptr,a
      000240 90r00rDC         [24]  891 	mov	dptr,#(_echo_find_received_10000_82 + 0x008c)
      000243 F0               [24]  892 	movx	@dptr,a
      000244 90r00rDD         [24]  893 	mov	dptr,#(_echo_find_received_10000_82 + 0x008d)
      000247 F0               [24]  894 	movx	@dptr,a
      000248 90r00rDE         [24]  895 	mov	dptr,#(_echo_find_received_10000_82 + 0x008e)
      00024B F0               [24]  896 	movx	@dptr,a
      00024C 90r00rDF         [24]  897 	mov	dptr,#(_echo_find_received_10000_82 + 0x008f)
      00024F F0               [24]  898 	movx	@dptr,a
      000250 90r00rE0         [24]  899 	mov	dptr,#(_echo_find_received_10000_82 + 0x0090)
      000253 F0               [24]  900 	movx	@dptr,a
      000254 90r00rE1         [24]  901 	mov	dptr,#(_echo_find_received_10000_82 + 0x0091)
      000257 F0               [24]  902 	movx	@dptr,a
      000258 90r00rE2         [24]  903 	mov	dptr,#(_echo_find_received_10000_82 + 0x0092)
      00025B F0               [24]  904 	movx	@dptr,a
      00025C 90r00rE3         [24]  905 	mov	dptr,#(_echo_find_received_10000_82 + 0x0093)
      00025F F0               [24]  906 	movx	@dptr,a
      000260 90r00rE4         [24]  907 	mov	dptr,#(_echo_find_received_10000_82 + 0x0094)
      000263 F0               [24]  908 	movx	@dptr,a
      000264 90r00rE5         [24]  909 	mov	dptr,#(_echo_find_received_10000_82 + 0x0095)
      000267 F0               [24]  910 	movx	@dptr,a
      000268 90r00rE6         [24]  911 	mov	dptr,#(_echo_find_received_10000_82 + 0x0096)
      00026B F0               [24]  912 	movx	@dptr,a
      00026C 90r00rE7         [24]  913 	mov	dptr,#(_echo_find_received_10000_82 + 0x0097)
      00026F F0               [24]  914 	movx	@dptr,a
      000270 90r00rE8         [24]  915 	mov	dptr,#(_echo_find_received_10000_82 + 0x0098)
      000273 F0               [24]  916 	movx	@dptr,a
      000274 90r00rE9         [24]  917 	mov	dptr,#(_echo_find_received_10000_82 + 0x0099)
      000277 F0               [24]  918 	movx	@dptr,a
      000278 90r00rEA         [24]  919 	mov	dptr,#(_echo_find_received_10000_82 + 0x009a)
      00027B F0               [24]  920 	movx	@dptr,a
      00027C 90r00rEB         [24]  921 	mov	dptr,#(_echo_find_received_10000_82 + 0x009b)
      00027F F0               [24]  922 	movx	@dptr,a
      000280 90r00rEC         [24]  923 	mov	dptr,#(_echo_find_received_10000_82 + 0x009c)
      000283 F0               [24]  924 	movx	@dptr,a
      000284 90r00rED         [24]  925 	mov	dptr,#(_echo_find_received_10000_82 + 0x009d)
      000287 F0               [24]  926 	movx	@dptr,a
      000288 90r00rEE         [24]  927 	mov	dptr,#(_echo_find_received_10000_82 + 0x009e)
      00028B F0               [24]  928 	movx	@dptr,a
      00028C 90r00rEF         [24]  929 	mov	dptr,#(_echo_find_received_10000_82 + 0x009f)
      00028F F0               [24]  930 	movx	@dptr,a
      000290 90r00rF0         [24]  931 	mov	dptr,#(_echo_find_received_10000_82 + 0x00a0)
      000293 F0               [24]  932 	movx	@dptr,a
      000294 90r00rF1         [24]  933 	mov	dptr,#(_echo_find_received_10000_82 + 0x00a1)
      000297 F0               [24]  934 	movx	@dptr,a
      000298 90r00rF2         [24]  935 	mov	dptr,#(_echo_find_received_10000_82 + 0x00a2)
      00029B F0               [24]  936 	movx	@dptr,a
      00029C 90r00rF3         [24]  937 	mov	dptr,#(_echo_find_received_10000_82 + 0x00a3)
      00029F F0               [24]  938 	movx	@dptr,a
      0002A0 90r00rF4         [24]  939 	mov	dptr,#(_echo_find_received_10000_82 + 0x00a4)
      0002A3 F0               [24]  940 	movx	@dptr,a
      0002A4 90r00rF5         [24]  941 	mov	dptr,#(_echo_find_received_10000_82 + 0x00a5)
      0002A7 F0               [24]  942 	movx	@dptr,a
      0002A8 90r00rF6         [24]  943 	mov	dptr,#(_echo_find_received_10000_82 + 0x00a6)
      0002AB F0               [24]  944 	movx	@dptr,a
      0002AC 90r00rF7         [24]  945 	mov	dptr,#(_echo_find_received_10000_82 + 0x00a7)
      0002AF F0               [24]  946 	movx	@dptr,a
      0002B0 90r00rF8         [24]  947 	mov	dptr,#(_echo_find_received_10000_82 + 0x00a8)
      0002B3 F0               [24]  948 	movx	@dptr,a
      0002B4 90r00rF9         [24]  949 	mov	dptr,#(_echo_find_received_10000_82 + 0x00a9)
      0002B7 F0               [24]  950 	movx	@dptr,a
      0002B8 90r00rFA         [24]  951 	mov	dptr,#(_echo_find_received_10000_82 + 0x00aa)
      0002BB F0               [24]  952 	movx	@dptr,a
      0002BC 90r00rFB         [24]  953 	mov	dptr,#(_echo_find_received_10000_82 + 0x00ab)
      0002BF F0               [24]  954 	movx	@dptr,a
      0002C0 90r00rFC         [24]  955 	mov	dptr,#(_echo_find_received_10000_82 + 0x00ac)
      0002C3 F0               [24]  956 	movx	@dptr,a
      0002C4 90r00rFD         [24]  957 	mov	dptr,#(_echo_find_received_10000_82 + 0x00ad)
      0002C7 F0               [24]  958 	movx	@dptr,a
      0002C8 90r00rFE         [24]  959 	mov	dptr,#(_echo_find_received_10000_82 + 0x00ae)
      0002CB F0               [24]  960 	movx	@dptr,a
      0002CC 90r00rFF         [24]  961 	mov	dptr,#(_echo_find_received_10000_82 + 0x00af)
      0002CF F0               [24]  962 	movx	@dptr,a
      0002D0 90r01r00         [24]  963 	mov	dptr,#(_echo_find_received_10000_82 + 0x00b0)
      0002D3 F0               [24]  964 	movx	@dptr,a
      0002D4 90r01r01         [24]  965 	mov	dptr,#(_echo_find_received_10000_82 + 0x00b1)
      0002D7 F0               [24]  966 	movx	@dptr,a
      0002D8 90r01r02         [24]  967 	mov	dptr,#(_echo_find_received_10000_82 + 0x00b2)
      0002DB F0               [24]  968 	movx	@dptr,a
      0002DC 90r01r03         [24]  969 	mov	dptr,#(_echo_find_received_10000_82 + 0x00b3)
      0002DF F0               [24]  970 	movx	@dptr,a
      0002E0 90r01r04         [24]  971 	mov	dptr,#(_echo_find_received_10000_82 + 0x00b4)
      0002E3 F0               [24]  972 	movx	@dptr,a
      0002E4 90r01r05         [24]  973 	mov	dptr,#(_echo_find_received_10000_82 + 0x00b5)
      0002E7 F0               [24]  974 	movx	@dptr,a
      0002E8 90r01r06         [24]  975 	mov	dptr,#(_echo_find_received_10000_82 + 0x00b6)
      0002EB F0               [24]  976 	movx	@dptr,a
      0002EC 90r01r07         [24]  977 	mov	dptr,#(_echo_find_received_10000_82 + 0x00b7)
      0002EF F0               [24]  978 	movx	@dptr,a
      0002F0 90r01r08         [24]  979 	mov	dptr,#(_echo_find_received_10000_82 + 0x00b8)
      0002F3 F0               [24]  980 	movx	@dptr,a
      0002F4 90r01r09         [24]  981 	mov	dptr,#(_echo_find_received_10000_82 + 0x00b9)
      0002F7 F0               [24]  982 	movx	@dptr,a
      0002F8 90r01r0A         [24]  983 	mov	dptr,#(_echo_find_received_10000_82 + 0x00ba)
      0002FB F0               [24]  984 	movx	@dptr,a
      0002FC 90r01r0B         [24]  985 	mov	dptr,#(_echo_find_received_10000_82 + 0x00bb)
      0002FF F0               [24]  986 	movx	@dptr,a
      000300 90r01r0C         [24]  987 	mov	dptr,#(_echo_find_received_10000_82 + 0x00bc)
      000303 F0               [24]  988 	movx	@dptr,a
      000304 90r01r0D         [24]  989 	mov	dptr,#(_echo_find_received_10000_82 + 0x00bd)
      000307 F0               [24]  990 	movx	@dptr,a
      000308 90r01r0E         [24]  991 	mov	dptr,#(_echo_find_received_10000_82 + 0x00be)
      00030B F0               [24]  992 	movx	@dptr,a
      00030C 90r01r0F         [24]  993 	mov	dptr,#(_echo_find_received_10000_82 + 0x00bf)
      00030F F0               [24]  994 	movx	@dptr,a
      000310 90r01r10         [24]  995 	mov	dptr,#(_echo_find_received_10000_82 + 0x00c0)
      000313 F0               [24]  996 	movx	@dptr,a
      000314 90r01r11         [24]  997 	mov	dptr,#(_echo_find_received_10000_82 + 0x00c1)
      000317 F0               [24]  998 	movx	@dptr,a
      000318 90r01r12         [24]  999 	mov	dptr,#(_echo_find_received_10000_82 + 0x00c2)
      00031B F0               [24] 1000 	movx	@dptr,a
      00031C 90r01r13         [24] 1001 	mov	dptr,#(_echo_find_received_10000_82 + 0x00c3)
      00031F F0               [24] 1002 	movx	@dptr,a
      000320 90r01r14         [24] 1003 	mov	dptr,#(_echo_find_received_10000_82 + 0x00c4)
      000323 F0               [24] 1004 	movx	@dptr,a
      000324 90r01r15         [24] 1005 	mov	dptr,#(_echo_find_received_10000_82 + 0x00c5)
      000327 F0               [24] 1006 	movx	@dptr,a
      000328 90r01r16         [24] 1007 	mov	dptr,#(_echo_find_received_10000_82 + 0x00c6)
      00032B F0               [24] 1008 	movx	@dptr,a
      00032C 90r01r17         [24] 1009 	mov	dptr,#(_echo_find_received_10000_82 + 0x00c7)
      00032F F0               [24] 1010 	movx	@dptr,a
      000330 90r01r18         [24] 1011 	mov	dptr,#(_echo_find_received_10000_82 + 0x00c8)
      000333 F0               [24] 1012 	movx	@dptr,a
      000334 90r01r19         [24] 1013 	mov	dptr,#(_echo_find_received_10000_82 + 0x00c9)
      000337 F0               [24] 1014 	movx	@dptr,a
      000338 90r01r1A         [24] 1015 	mov	dptr,#(_echo_find_received_10000_82 + 0x00ca)
      00033B F0               [24] 1016 	movx	@dptr,a
      00033C 90r01r1B         [24] 1017 	mov	dptr,#(_echo_find_received_10000_82 + 0x00cb)
      00033F F0               [24] 1018 	movx	@dptr,a
      000340 90r01r1C         [24] 1019 	mov	dptr,#(_echo_find_received_10000_82 + 0x00cc)
      000343 F0               [24] 1020 	movx	@dptr,a
      000344 90r01r1D         [24] 1021 	mov	dptr,#(_echo_find_received_10000_82 + 0x00cd)
      000347 F0               [24] 1022 	movx	@dptr,a
      000348 90r01r1E         [24] 1023 	mov	dptr,#(_echo_find_received_10000_82 + 0x00ce)
      00034B F0               [24] 1024 	movx	@dptr,a
      00034C 90r01r1F         [24] 1025 	mov	dptr,#(_echo_find_received_10000_82 + 0x00cf)
      00034F F0               [24] 1026 	movx	@dptr,a
      000350 90r01r20         [24] 1027 	mov	dptr,#(_echo_find_received_10000_82 + 0x00d0)
      000353 F0               [24] 1028 	movx	@dptr,a
      000354 90r01r21         [24] 1029 	mov	dptr,#(_echo_find_received_10000_82 + 0x00d1)
      000357 F0               [24] 1030 	movx	@dptr,a
      000358 90r01r22         [24] 1031 	mov	dptr,#(_echo_find_received_10000_82 + 0x00d2)
      00035B F0               [24] 1032 	movx	@dptr,a
      00035C 90r01r23         [24] 1033 	mov	dptr,#(_echo_find_received_10000_82 + 0x00d3)
      00035F F0               [24] 1034 	movx	@dptr,a
      000360 90r01r24         [24] 1035 	mov	dptr,#(_echo_find_received_10000_82 + 0x00d4)
      000363 F0               [24] 1036 	movx	@dptr,a
      000364 90r01r25         [24] 1037 	mov	dptr,#(_echo_find_received_10000_82 + 0x00d5)
      000367 F0               [24] 1038 	movx	@dptr,a
      000368 90r01r26         [24] 1039 	mov	dptr,#(_echo_find_received_10000_82 + 0x00d6)
      00036B F0               [24] 1040 	movx	@dptr,a
      00036C 90r01r27         [24] 1041 	mov	dptr,#(_echo_find_received_10000_82 + 0x00d7)
      00036F F0               [24] 1042 	movx	@dptr,a
      000370 90r01r28         [24] 1043 	mov	dptr,#(_echo_find_received_10000_82 + 0x00d8)
      000373 F0               [24] 1044 	movx	@dptr,a
      000374 90r01r29         [24] 1045 	mov	dptr,#(_echo_find_received_10000_82 + 0x00d9)
      000377 F0               [24] 1046 	movx	@dptr,a
      000378 90r01r2A         [24] 1047 	mov	dptr,#(_echo_find_received_10000_82 + 0x00da)
      00037B F0               [24] 1048 	movx	@dptr,a
      00037C 90r01r2B         [24] 1049 	mov	dptr,#(_echo_find_received_10000_82 + 0x00db)
      00037F F0               [24] 1050 	movx	@dptr,a
      000380 90r01r2C         [24] 1051 	mov	dptr,#(_echo_find_received_10000_82 + 0x00dc)
      000383 F0               [24] 1052 	movx	@dptr,a
      000384 90r01r2D         [24] 1053 	mov	dptr,#(_echo_find_received_10000_82 + 0x00dd)
      000387 F0               [24] 1054 	movx	@dptr,a
      000388 90r01r2E         [24] 1055 	mov	dptr,#(_echo_find_received_10000_82 + 0x00de)
      00038B F0               [24] 1056 	movx	@dptr,a
      00038C 90r01r2F         [24] 1057 	mov	dptr,#(_echo_find_received_10000_82 + 0x00df)
      00038F F0               [24] 1058 	movx	@dptr,a
      000390 90r01r30         [24] 1059 	mov	dptr,#(_echo_find_received_10000_82 + 0x00e0)
      000393 F0               [24] 1060 	movx	@dptr,a
      000394 90r01r31         [24] 1061 	mov	dptr,#(_echo_find_received_10000_82 + 0x00e1)
      000397 F0               [24] 1062 	movx	@dptr,a
      000398 90r01r32         [24] 1063 	mov	dptr,#(_echo_find_received_10000_82 + 0x00e2)
      00039B F0               [24] 1064 	movx	@dptr,a
      00039C 90r01r33         [24] 1065 	mov	dptr,#(_echo_find_received_10000_82 + 0x00e3)
      00039F F0               [24] 1066 	movx	@dptr,a
      0003A0 90r01r34         [24] 1067 	mov	dptr,#(_echo_find_received_10000_82 + 0x00e4)
      0003A3 F0               [24] 1068 	movx	@dptr,a
      0003A4 90r01r35         [24] 1069 	mov	dptr,#(_echo_find_received_10000_82 + 0x00e5)
      0003A7 F0               [24] 1070 	movx	@dptr,a
      0003A8 90r01r36         [24] 1071 	mov	dptr,#(_echo_find_received_10000_82 + 0x00e6)
      0003AB F0               [24] 1072 	movx	@dptr,a
      0003AC 90r01r37         [24] 1073 	mov	dptr,#(_echo_find_received_10000_82 + 0x00e7)
      0003AF F0               [24] 1074 	movx	@dptr,a
      0003B0 90r01r38         [24] 1075 	mov	dptr,#(_echo_find_received_10000_82 + 0x00e8)
      0003B3 F0               [24] 1076 	movx	@dptr,a
      0003B4 90r01r39         [24] 1077 	mov	dptr,#(_echo_find_received_10000_82 + 0x00e9)
      0003B7 F0               [24] 1078 	movx	@dptr,a
      0003B8 90r01r3A         [24] 1079 	mov	dptr,#(_echo_find_received_10000_82 + 0x00ea)
      0003BB F0               [24] 1080 	movx	@dptr,a
      0003BC 90r01r3B         [24] 1081 	mov	dptr,#(_echo_find_received_10000_82 + 0x00eb)
      0003BF F0               [24] 1082 	movx	@dptr,a
      0003C0 90r01r3C         [24] 1083 	mov	dptr,#(_echo_find_received_10000_82 + 0x00ec)
      0003C3 F0               [24] 1084 	movx	@dptr,a
      0003C4 90r01r3D         [24] 1085 	mov	dptr,#(_echo_find_received_10000_82 + 0x00ed)
      0003C7 F0               [24] 1086 	movx	@dptr,a
      0003C8 90r01r3E         [24] 1087 	mov	dptr,#(_echo_find_received_10000_82 + 0x00ee)
      0003CB F0               [24] 1088 	movx	@dptr,a
      0003CC 90r01r3F         [24] 1089 	mov	dptr,#(_echo_find_received_10000_82 + 0x00ef)
      0003CF F0               [24] 1090 	movx	@dptr,a
      0003D0 90r01r40         [24] 1091 	mov	dptr,#(_echo_find_received_10000_82 + 0x00f0)
      0003D3 F0               [24] 1092 	movx	@dptr,a
      0003D4 90r01r41         [24] 1093 	mov	dptr,#(_echo_find_received_10000_82 + 0x00f1)
      0003D7 F0               [24] 1094 	movx	@dptr,a
      0003D8 90r01r42         [24] 1095 	mov	dptr,#(_echo_find_received_10000_82 + 0x00f2)
      0003DB F0               [24] 1096 	movx	@dptr,a
      0003DC 90r01r43         [24] 1097 	mov	dptr,#(_echo_find_received_10000_82 + 0x00f3)
      0003DF F0               [24] 1098 	movx	@dptr,a
      0003E0 90r01r44         [24] 1099 	mov	dptr,#(_echo_find_received_10000_82 + 0x00f4)
      0003E3 F0               [24] 1100 	movx	@dptr,a
      0003E4 90r01r45         [24] 1101 	mov	dptr,#(_echo_find_received_10000_82 + 0x00f5)
      0003E7 F0               [24] 1102 	movx	@dptr,a
      0003E8 90r01r46         [24] 1103 	mov	dptr,#(_echo_find_received_10000_82 + 0x00f6)
      0003EB F0               [24] 1104 	movx	@dptr,a
      0003EC 90r01r47         [24] 1105 	mov	dptr,#(_echo_find_received_10000_82 + 0x00f7)
      0003EF F0               [24] 1106 	movx	@dptr,a
      0003F0 90r01r48         [24] 1107 	mov	dptr,#(_echo_find_received_10000_82 + 0x00f8)
      0003F3 F0               [24] 1108 	movx	@dptr,a
      0003F4 90r01r49         [24] 1109 	mov	dptr,#(_echo_find_received_10000_82 + 0x00f9)
      0003F7 F0               [24] 1110 	movx	@dptr,a
      0003F8 90r01r4A         [24] 1111 	mov	dptr,#(_echo_find_received_10000_82 + 0x00fa)
      0003FB F0               [24] 1112 	movx	@dptr,a
      0003FC 90r01r4B         [24] 1113 	mov	dptr,#(_echo_find_received_10000_82 + 0x00fb)
      0003FF F0               [24] 1114 	movx	@dptr,a
      000400 90r01r4C         [24] 1115 	mov	dptr,#(_echo_find_received_10000_82 + 0x00fc)
      000403 F0               [24] 1116 	movx	@dptr,a
      000404 90r01r4D         [24] 1117 	mov	dptr,#(_echo_find_received_10000_82 + 0x00fd)
      000407 F0               [24] 1118 	movx	@dptr,a
      000408 90r01r4E         [24] 1119 	mov	dptr,#(_echo_find_received_10000_82 + 0x00fe)
      00040B F0               [24] 1120 	movx	@dptr,a
                                   1121 ;	../Firmware/src/WiFi_Module.c:12: uart0_read_string_until(received,200,(UINT8)TIMEOUT, '\0');
      00040C 85*00*00         [24] 1122 	mov	_uart0_read_string_until_PARM_3,_echo_find_PARM_2
      00040F 75*00 C8         [24] 1123 	mov	_uart0_read_string_until_PARM_2,#0xc8
      000412 F5*01            [12] 1124 	mov	(_uart0_read_string_until_PARM_2 + 1),a
      000414 F5*00            [12] 1125 	mov	_uart0_read_string_until_PARM_4,a
      000416 90r00r50         [24] 1126 	mov	dptr,#_echo_find_received_10000_82
      000419 F5 F0            [12] 1127 	mov	b,a
      00041B 12r00r00         [24] 1128 	lcall	_uart0_read_string_until
      00041E D0 05            [24] 1129 	pop	ar5
      000420 D0 06            [24] 1130 	pop	ar6
      000422 D0 07            [24] 1131 	pop	ar7
                                   1132 ;	../Firmware/src/WiFi_Module.c:13: return search_str(received,keyword);
      000424 8D*00            [24] 1133 	mov	_search_str_PARM_2,r5
      000426 8E*01            [24] 1134 	mov	(_search_str_PARM_2 + 1),r6
      000428 8F*02            [24] 1135 	mov	(_search_str_PARM_2 + 2),r7
      00042A 90r00r50         [24] 1136 	mov	dptr,#_echo_find_received_10000_82
      00042D 75 F0 00         [24] 1137 	mov	b, #0x00
                                   1138 ;	../Firmware/src/WiFi_Module.c:14: } 
      000430 02r00r00         [24] 1139 	ljmp	_search_str
                                   1140 ;------------------------------------------------------------
                                   1141 ;Allocation info for local variables in function 'wifi_send_command'
                                   1142 ;------------------------------------------------------------
                                   1143 ;ack                       Allocated with name '_wifi_send_command_PARM_2'
                                   1144 ;TIMEOUT                   Allocated with name '_wifi_send_command_PARM_3'
                                   1145 ;cmd                       Allocated to registers r5 r6 r7 
                                   1146 ;------------------------------------------------------------
                                   1147 ;	../Firmware/src/WiFi_Module.c:17: int wifi_send_command(char * cmd, char * ack, int TIMEOUT){
                                   1148 ;	-----------------------------------------
                                   1149 ;	 function wifi_send_command
                                   1150 ;	-----------------------------------------
      000433                       1151 _wifi_send_command:
                                   1152 ;	../Firmware/src/WiFi_Module.c:19: uart0_println(cmd);
      000433 12r00r00         [24] 1153 	lcall	_uart0_println
                                   1154 ;	../Firmware/src/WiFi_Module.c:20: return echo_find(ack, TIMEOUT);
      000436 85*05*00         [24] 1155 	mov	_echo_find_PARM_2,_wifi_send_command_PARM_3
      000439 85*06*01         [24] 1156 	mov	(_echo_find_PARM_2 + 1),(_wifi_send_command_PARM_3 + 1)
      00043C 85*02 82         [24] 1157 	mov	dpl, _wifi_send_command_PARM_2
      00043F 85*03 83         [24] 1158 	mov	dph, (_wifi_send_command_PARM_2 + 1)
      000442 85*04 F0         [24] 1159 	mov	b, (_wifi_send_command_PARM_2 + 2)
                                   1160 ;	../Firmware/src/WiFi_Module.c:21: }
      000445 02r00r00         [24] 1161 	ljmp	_echo_find
                                   1162 	.area CSEG    (CODE)
                                   1163 	.area CONST   (CODE)
                                   1164 	.area XINIT   (CODE)
                                   1165 	.area CABS    (ABS,CODE)
